2024/04/16 14:32:19 [notice] 1#1: using the "epoll" event method
2024/04/16 14:32:19 [notice] 1#1: nginx/1.25.4
2024/04/16 14:32:19 [notice] 1#1: built by gcc 12.2.0 (Debian 12.2.0-14) 
2024/04/16 14:32:19 [notice] 1#1: OS: Linux 6.6.22-linuxkit
2024/04/16 14:32:19 [notice] 1#1: getrlimit(RLIMIT_NOFILE): 1048576:1048576
2024/04/16 14:32:19 [notice] 1#1: start worker processes
2024/04/16 14:32:19 [notice] 1#1: start worker process 28
2024/04/16 14:32:19 [notice] 1#1: start worker process 29
2024/04/16 14:32:19 [notice] 1#1: start worker process 30
2024/04/16 14:32:19 [notice] 1#1: start worker process 31
2024/04/16 14:32:19 [notice] 1#1: start worker process 32
2024/04/16 14:32:19 [notice] 1#1: start worker process 33
2024/04/16 14:32:19 [notice] 1#1: start worker process 34
2024/04/16 14:32:19 [notice] 1#1: start worker process 35
2024/04/16 14:39:16 [error] 28#28: *2 upstream timed out (110: Connection timed out) while connecting to upstream, client: 192.168.65.1, server: drupal_check.local, request: "GET / HTTP/1.1", upstream: "fastcgi://125.235.4.59:9000", host: "drupal_check.local"
2024/04/16 14:40:16 [error] 28#28: *2 upstream timed out (110: Connection timed out) while connecting to upstream, client: 192.168.65.1, server: drupal_check.local, request: "GET /favicon.ico HTTP/1.1", upstream: "fastcgi://125.235.4.59:9000", host: "drupal_check.local", referrer: "http://drupal_check.local/"
2024/04/16 14:41:48 [error] 28#28: *2 upstream timed out (110: Connection timed out) while connecting to upstream, client: 192.168.65.1, server: drupal_check.local, request: "GET / HTTP/1.1", upstream: "fastcgi://125.235.4.59:9000", host: "drupal_check.local"
2024/04/16 14:42:48 [error] 28#28: *2 upstream timed out (110: Connection timed out) while connecting to upstream, client: 192.168.65.1, server: drupal_check.local, request: "GET /favicon.ico HTTP/1.1", upstream: "fastcgi://125.235.4.59:9000", host: "drupal_check.local", referrer: "http://drupal_check.local/"
2024/04/16 14:48:04 [notice] 1#1: signal 3 (SIGQUIT) received, shutting down
2024/04/16 14:48:04 [notice] 28#28: gracefully shutting down
2024/04/16 14:48:04 [notice] 29#29: gracefully shutting down
2024/04/16 14:48:04 [notice] 30#30: gracefully shutting down
2024/04/16 14:48:04 [notice] 32#32: gracefully shutting down
2024/04/16 14:48:04 [notice] 31#31: gracefully shutting down
2024/04/16 14:48:04 [notice] 34#34: gracefully shutting down
2024/04/16 14:48:04 [notice] 33#33: gracefully shutting down
2024/04/16 14:48:04 [notice] 35#35: gracefully shutting down
2024/04/16 14:48:04 [notice] 28#28: exiting
2024/04/16 14:48:04 [notice] 29#29: exiting
2024/04/16 14:48:04 [notice] 30#30: exiting
2024/04/16 14:48:04 [notice] 32#32: exiting
2024/04/16 14:48:04 [notice] 31#31: exiting
2024/04/16 14:48:04 [notice] 34#34: exiting
2024/04/16 14:48:04 [notice] 33#33: exiting
2024/04/16 14:48:04 [notice] 35#35: exiting
2024/04/16 14:48:04 [notice] 28#28: exit
2024/04/16 14:48:04 [notice] 29#29: exit
2024/04/16 14:48:04 [notice] 30#30: exit
2024/04/16 14:48:04 [notice] 32#32: exit
2024/04/16 14:48:04 [notice] 31#31: exit
2024/04/16 14:48:04 [notice] 34#34: exit
2024/04/16 14:48:04 [notice] 33#33: exit
2024/04/16 14:48:04 [notice] 35#35: exit
2024/04/16 14:48:04 [notice] 1#1: signal 17 (SIGCHLD) received from 34
2024/04/16 14:48:04 [notice] 1#1: worker process 28 exited with code 0
2024/04/16 14:48:04 [notice] 1#1: worker process 29 exited with code 0
2024/04/16 14:48:04 [notice] 1#1: worker process 30 exited with code 0
2024/04/16 14:48:04 [notice] 1#1: worker process 33 exited with code 0
2024/04/16 14:48:04 [notice] 1#1: worker process 34 exited with code 0
2024/04/16 14:48:04 [notice] 1#1: signal 29 (SIGIO) received
2024/04/16 14:48:04 [notice] 1#1: signal 17 (SIGCHLD) received from 33
2024/04/16 14:48:04 [notice] 1#1: signal 17 (SIGCHLD) received from 31
2024/04/16 14:48:04 [notice] 1#1: worker process 31 exited with code 0
2024/04/16 14:48:04 [notice] 1#1: worker process 32 exited with code 0
2024/04/16 14:48:04 [notice] 1#1: worker process 35 exited with code 0
2024/04/16 14:48:04 [notice] 1#1: exit
2024/04/16 14:48:17 [notice] 1#1: using the "epoll" event method
2024/04/16 14:48:17 [notice] 1#1: nginx/1.25.4
2024/04/16 14:48:17 [notice] 1#1: built by gcc 12.2.0 (Debian 12.2.0-14) 
2024/04/16 14:48:17 [notice] 1#1: OS: Linux 6.6.22-linuxkit
2024/04/16 14:48:17 [notice] 1#1: getrlimit(RLIMIT_NOFILE): 1048576:1048576
2024/04/16 14:48:17 [notice] 1#1: start worker processes
2024/04/16 14:48:17 [notice] 1#1: start worker process 28
2024/04/16 14:48:17 [notice] 1#1: start worker process 29
2024/04/16 14:48:17 [notice] 1#1: start worker process 30
2024/04/16 14:48:17 [notice] 1#1: start worker process 31
2024/04/16 14:48:17 [notice] 1#1: start worker process 32
2024/04/16 14:48:17 [notice] 1#1: start worker process 33
2024/04/16 14:48:17 [notice] 1#1: start worker process 34
2024/04/16 14:48:17 [notice] 1#1: start worker process 35
2024/04/16 15:00:53 [notice] 1#1: signal 3 (SIGQUIT) received, shutting down
2024/04/16 15:00:53 [notice] 32#32: gracefully shutting down
2024/04/16 15:00:53 [notice] 31#31: gracefully shutting down
2024/04/16 15:00:53 [notice] 29#29: gracefully shutting down
2024/04/16 15:00:53 [notice] 28#28: gracefully shutting down
2024/04/16 15:00:53 [notice] 30#30: gracefully shutting down
2024/04/16 15:00:53 [notice] 33#33: gracefully shutting down
2024/04/16 15:00:53 [notice] 34#34: gracefully shutting down
2024/04/16 15:00:53 [notice] 35#35: gracefully shutting down
2024/04/16 15:00:53 [notice] 32#32: exiting
2024/04/16 15:00:53 [notice] 31#31: exiting
2024/04/16 15:00:53 [notice] 29#29: exiting
2024/04/16 15:00:53 [notice] 28#28: exiting
2024/04/16 15:00:53 [notice] 30#30: exiting
2024/04/16 15:00:53 [notice] 33#33: exiting
2024/04/16 15:00:53 [notice] 34#34: exiting
2024/04/16 15:00:53 [notice] 32#32: exit
2024/04/16 15:00:53 [notice] 35#35: exiting
2024/04/16 15:00:53 [notice] 31#31: exit
2024/04/16 15:00:53 [notice] 29#29: exit
2024/04/16 15:00:53 [notice] 28#28: exit
2024/04/16 15:00:53 [notice] 30#30: exit
2024/04/16 15:00:53 [notice] 33#33: exit
2024/04/16 15:00:53 [notice] 34#34: exit
2024/04/16 15:00:53 [notice] 35#35: exit
2024/04/16 15:00:53 [notice] 1#1: signal 17 (SIGCHLD) received from 31
2024/04/16 15:00:53 [notice] 1#1: worker process 31 exited with code 0
2024/04/16 15:00:53 [notice] 1#1: signal 29 (SIGIO) received
2024/04/16 15:00:53 [notice] 1#1: signal 17 (SIGCHLD) received from 32
2024/04/16 15:00:53 [notice] 1#1: worker process 28 exited with code 0
2024/04/16 15:00:53 [notice] 1#1: worker process 29 exited with code 0
2024/04/16 15:00:53 [notice] 1#1: worker process 30 exited with code 0
2024/04/16 15:00:53 [notice] 1#1: worker process 32 exited with code 0
2024/04/16 15:00:53 [notice] 1#1: worker process 33 exited with code 0
2024/04/16 15:00:53 [notice] 1#1: worker process 34 exited with code 0
2024/04/16 15:00:53 [notice] 1#1: worker process 35 exited with code 0
2024/04/16 15:00:53 [notice] 1#1: exit
2024/04/16 15:27:41 [notice] 1#1: using the "epoll" event method
2024/04/16 15:27:41 [notice] 1#1: nginx/1.25.4
2024/04/16 15:27:41 [notice] 1#1: built by gcc 12.2.0 (Debian 12.2.0-14) 
2024/04/16 15:27:41 [notice] 1#1: OS: Linux 6.6.22-linuxkit
2024/04/16 15:27:41 [notice] 1#1: getrlimit(RLIMIT_NOFILE): 1048576:1048576
2024/04/16 15:27:41 [notice] 1#1: start worker processes
2024/04/16 15:27:41 [notice] 1#1: start worker process 28
2024/04/16 15:27:41 [notice] 1#1: start worker process 29
2024/04/16 15:27:41 [notice] 1#1: start worker process 30
2024/04/16 15:27:41 [notice] 1#1: start worker process 31
2024/04/16 15:27:41 [notice] 1#1: start worker process 32
2024/04/16 15:27:41 [notice] 1#1: start worker process 33
2024/04/16 15:27:41 [notice] 1#1: start worker process 34
2024/04/16 15:27:41 [notice] 1#1: start worker process 35
2024/04/16 15:29:24 [notice] 1#1: signal 3 (SIGQUIT) received, shutting down
2024/04/16 15:29:24 [notice] 31#31: gracefully shutting down
2024/04/16 15:29:24 [notice] 32#32: gracefully shutting down
2024/04/16 15:29:24 [notice] 34#34: gracefully shutting down
2024/04/16 15:29:24 [notice] 29#29: gracefully shutting down
2024/04/16 15:29:24 [notice] 35#35: gracefully shutting down
2024/04/16 15:29:24 [notice] 28#28: gracefully shutting down
2024/04/16 15:29:24 [notice] 33#33: gracefully shutting down
2024/04/16 15:29:24 [notice] 30#30: gracefully shutting down
2024/04/16 15:29:24 [notice] 31#31: exiting
2024/04/16 15:29:24 [notice] 32#32: exiting
2024/04/16 15:29:24 [notice] 34#34: exiting
2024/04/16 15:29:24 [notice] 29#29: exiting
2024/04/16 15:29:24 [notice] 35#35: exiting
2024/04/16 15:29:24 [notice] 28#28: exiting
2024/04/16 15:29:24 [notice] 33#33: exiting
2024/04/16 15:29:24 [notice] 30#30: exiting
2024/04/16 15:29:24 [notice] 31#31: exit
2024/04/16 15:29:24 [notice] 32#32: exit
2024/04/16 15:29:24 [notice] 34#34: exit
2024/04/16 15:29:24 [notice] 29#29: exit
2024/04/16 15:29:24 [notice] 35#35: exit
2024/04/16 15:29:24 [notice] 28#28: exit
2024/04/16 15:29:24 [notice] 33#33: exit
2024/04/16 15:29:24 [notice] 30#30: exit
2024/04/16 15:29:25 [notice] 1#1: signal 17 (SIGCHLD) received from 32
2024/04/16 15:29:25 [notice] 1#1: worker process 30 exited with code 0
2024/04/16 15:29:25 [notice] 1#1: worker process 28 exited with code 0
2024/04/16 15:29:25 [notice] 1#1: worker process 29 exited with code 0
2024/04/16 15:29:25 [notice] 1#1: worker process 31 exited with code 0
2024/04/16 15:29:25 [notice] 1#1: worker process 32 exited with code 0
2024/04/16 15:29:25 [notice] 1#1: worker process 33 exited with code 0
2024/04/16 15:29:25 [notice] 1#1: worker process 34 exited with code 0
2024/04/16 15:29:25 [notice] 1#1: worker process 35 exited with code 0
2024/04/16 15:29:25 [notice] 1#1: exit
2024/04/16 15:36:08 [notice] 1#1: using the "epoll" event method
2024/04/16 15:36:08 [notice] 1#1: nginx/1.25.4
2024/04/16 15:36:08 [notice] 1#1: built by gcc 12.2.0 (Debian 12.2.0-14) 
2024/04/16 15:36:08 [notice] 1#1: OS: Linux 6.6.22-linuxkit
2024/04/16 15:36:08 [notice] 1#1: getrlimit(RLIMIT_NOFILE): 1048576:1048576
2024/04/16 15:36:08 [notice] 1#1: start worker processes
2024/04/16 15:36:08 [notice] 1#1: start worker process 28
2024/04/16 15:36:08 [notice] 1#1: start worker process 29
2024/04/16 15:36:08 [notice] 1#1: start worker process 30
2024/04/16 15:36:08 [notice] 1#1: start worker process 31
2024/04/16 15:36:08 [notice] 1#1: start worker process 32
2024/04/16 15:36:08 [notice] 1#1: start worker process 33
2024/04/16 15:36:08 [notice] 1#1: start worker process 34
2024/04/16 15:36:08 [notice] 1#1: start worker process 35
2024/04/17 05:26:17 [notice] 1#1: using the "epoll" event method
2024/04/17 05:26:17 [notice] 1#1: nginx/1.25.4
2024/04/17 05:26:17 [notice] 1#1: built by gcc 12.2.0 (Debian 12.2.0-14) 
2024/04/17 05:26:17 [notice] 1#1: OS: Linux 5.15.146.1-microsoft-standard-WSL2
2024/04/17 05:26:17 [notice] 1#1: getrlimit(RLIMIT_NOFILE): 1048576:1048576
2024/04/17 05:26:17 [notice] 1#1: start worker processes
2024/04/17 05:26:17 [notice] 1#1: start worker process 28
2024/04/17 05:26:17 [notice] 1#1: start worker process 29
2024/04/17 05:26:17 [notice] 1#1: start worker process 30
2024/04/17 05:26:17 [notice] 1#1: start worker process 31
2024/04/17 06:40:46 [notice] 1#1: signal 3 (SIGQUIT) received, shutting down
2024/04/17 06:40:46 [notice] 28#28: gracefully shutting down
2024/04/17 06:40:46 [notice] 28#28: exiting
2024/04/17 06:40:46 [notice] 29#29: gracefully shutting down
2024/04/17 06:40:46 [notice] 28#28: exit
2024/04/17 06:40:46 [notice] 30#30: gracefully shutting down
2024/04/17 06:40:47 [notice] 31#31: gracefully shutting down
2024/04/17 06:40:47 [notice] 31#31: exiting
2024/04/17 06:40:46 [notice] 30#30: exiting
2024/04/17 06:40:46 [notice] 30#30: exit
2024/04/17 06:40:46 [notice] 29#29: exiting
2024/04/17 06:40:46 [notice] 29#29: exit
2024/04/17 06:40:47 [notice] 31#31: exit
2024/04/17 06:40:47 [notice] 1#1: signal 17 (SIGCHLD) received from 29
2024/04/17 06:40:47 [notice] 1#1: worker process 29 exited with code 0
2024/04/17 06:40:47 [notice] 1#1: signal 29 (SIGIO) received
2024/04/17 06:40:47 [notice] 1#1: signal 17 (SIGCHLD) received from 30
2024/04/17 06:40:47 [notice] 1#1: worker process 28 exited with code 0
2024/04/17 06:40:47 [notice] 1#1: worker process 30 exited with code 0
2024/04/17 06:40:47 [notice] 1#1: worker process 31 exited with code 0
2024/04/17 06:40:47 [notice] 1#1: exit
2024/04/17 06:40:51 [notice] 1#1: using the "epoll" event method
2024/04/17 06:40:51 [notice] 1#1: nginx/1.25.4
2024/04/17 06:40:51 [notice] 1#1: built by gcc 12.2.0 (Debian 12.2.0-14) 
2024/04/17 06:40:51 [notice] 1#1: OS: Linux 5.15.146.1-microsoft-standard-WSL2
2024/04/17 06:40:51 [notice] 1#1: getrlimit(RLIMIT_NOFILE): 1048576:1048576
2024/04/17 06:40:51 [notice] 1#1: start worker processes
2024/04/17 06:40:51 [notice] 1#1: start worker process 28
2024/04/17 06:40:51 [notice] 1#1: start worker process 29
2024/04/17 06:40:51 [notice] 1#1: start worker process 30
2024/04/17 06:40:51 [notice] 1#1: start worker process 31
2024/04/17 06:41:25 [notice] 1#1: signal 3 (SIGQUIT) received, shutting down
2024/04/17 06:41:25 [notice] 28#28: gracefully shutting down
2024/04/17 06:41:25 [notice] 28#28: exiting
2024/04/17 06:41:25 [notice] 28#28: exit
2024/04/17 06:41:25 [notice] 30#30: gracefully shutting down
2024/04/17 06:41:25 [notice] 30#30: exiting
2024/04/17 06:41:25 [notice] 31#31: gracefully shutting down
2024/04/17 06:41:25 [notice] 31#31: exiting
2024/04/17 06:41:25 [notice] 31#31: exit
2024/04/17 06:41:25 [notice] 29#29: gracefully shutting down
2024/04/17 06:41:25 [notice] 29#29: exiting
2024/04/17 06:41:25 [notice] 29#29: exit
2024/04/17 06:41:25 [notice] 30#30: exit
2024/04/17 06:41:25 [notice] 1#1: signal 17 (SIGCHLD) received from 28
2024/04/17 06:41:25 [notice] 1#1: worker process 28 exited with code 0
2024/04/17 06:41:25 [notice] 1#1: signal 29 (SIGIO) received
2024/04/17 06:41:25 [notice] 1#1: signal 17 (SIGCHLD) received from 29
2024/04/17 06:41:25 [notice] 1#1: worker process 29 exited with code 0
2024/04/17 06:41:25 [notice] 1#1: worker process 31 exited with code 0
2024/04/17 06:41:25 [notice] 1#1: signal 29 (SIGIO) received
2024/04/17 06:41:25 [notice] 1#1: signal 17 (SIGCHLD) received from 31
2024/04/17 06:41:25 [notice] 1#1: signal 17 (SIGCHLD) received from 30
2024/04/17 06:41:25 [notice] 1#1: worker process 30 exited with code 0
2024/04/17 06:41:25 [notice] 1#1: exit
2024/04/17 06:42:27 [notice] 1#1: using the "epoll" event method
2024/04/17 06:42:27 [notice] 1#1: nginx/1.25.4
2024/04/17 06:42:27 [notice] 1#1: built by gcc 12.2.0 (Debian 12.2.0-14) 
2024/04/17 06:42:27 [notice] 1#1: OS: Linux 5.15.146.1-microsoft-standard-WSL2
2024/04/17 06:42:27 [notice] 1#1: getrlimit(RLIMIT_NOFILE): 1048576:1048576
2024/04/17 06:42:27 [notice] 1#1: start worker processes
2024/04/17 06:42:27 [notice] 1#1: start worker process 29
2024/04/17 06:42:27 [notice] 1#1: start worker process 30
2024/04/17 06:42:27 [notice] 1#1: start worker process 31
2024/04/17 06:42:27 [notice] 1#1: start worker process 32
2024/04/17 07:03:59 [notice] 1#1: using the "epoll" event method
2024/04/17 07:03:59 [notice] 1#1: nginx/1.25.4
2024/04/17 07:03:59 [notice] 1#1: built by gcc 12.2.0 (Debian 12.2.0-14) 
2024/04/17 07:03:59 [notice] 1#1: OS: Linux 5.15.146.1-microsoft-standard-WSL2
2024/04/17 07:03:59 [notice] 1#1: getrlimit(RLIMIT_NOFILE): 1048576:1048576
2024/04/17 07:03:59 [notice] 1#1: start worker processes
2024/04/17 07:03:59 [notice] 1#1: start worker process 28
2024/04/17 07:03:59 [notice] 1#1: start worker process 29
2024/04/17 07:03:59 [notice] 1#1: start worker process 30
2024/04/17 07:03:59 [notice] 1#1: start worker process 31
2024/04/17 07:07:35 [notice] 1#1: signal 3 (SIGQUIT) received, shutting down
2024/04/17 07:07:35 [notice] 28#28: gracefully shutting down
2024/04/17 07:07:35 [notice] 28#28: exiting
2024/04/17 07:07:35 [notice] 28#28: exit
2024/04/17 07:07:35 [notice] 29#29: gracefully shutting down
2024/04/17 07:07:35 [notice] 29#29: exiting
2024/04/17 07:07:35 [notice] 29#29: exit
2024/04/17 07:07:35 [notice] 30#30: gracefully shutting down
2024/04/17 07:07:35 [notice] 30#30: exiting
2024/04/17 07:07:35 [notice] 30#30: exit
2024/04/17 07:07:35 [notice] 31#31: gracefully shutting down
2024/04/17 07:07:35 [notice] 31#31: exiting
2024/04/17 07:07:35 [notice] 31#31: exit
2024/04/17 07:07:36 [notice] 1#1: signal 17 (SIGCHLD) received from 30
2024/04/17 07:07:36 [notice] 1#1: worker process 30 exited with code 0
2024/04/17 07:07:36 [notice] 1#1: signal 29 (SIGIO) received
2024/04/17 07:07:36 [notice] 1#1: signal 17 (SIGCHLD) received from 29
2024/04/17 07:07:36 [notice] 1#1: worker process 28 exited with code 0
2024/04/17 07:07:36 [notice] 1#1: worker process 29 exited with code 0
2024/04/17 07:07:36 [notice] 1#1: worker process 31 exited with code 0
2024/04/17 07:07:36 [notice] 1#1: exit
2024/04/17 07:07:37 [notice] 1#1: using the "epoll" event method
2024/04/17 07:07:37 [notice] 1#1: nginx/1.25.4
2024/04/17 07:07:37 [notice] 1#1: built by gcc 12.2.0 (Debian 12.2.0-14) 
2024/04/17 07:07:37 [notice] 1#1: OS: Linux 5.15.146.1-microsoft-standard-WSL2
2024/04/17 07:07:37 [notice] 1#1: getrlimit(RLIMIT_NOFILE): 1048576:1048576
2024/04/17 07:07:37 [notice] 1#1: start worker processes
2024/04/17 07:07:37 [notice] 1#1: start worker process 28
2024/04/17 07:07:37 [notice] 1#1: start worker process 29
2024/04/17 07:07:37 [notice] 1#1: start worker process 30
2024/04/17 07:07:37 [notice] 1#1: start worker process 31
2024/04/17 07:29:35 [notice] 1#1: signal 3 (SIGQUIT) received, shutting down
2024/04/17 07:29:35 [notice] 29#29: gracefully shutting down
2024/04/17 07:29:35 [notice] 30#30: gracefully shutting down
2024/04/17 07:29:35 [notice] 31#31: gracefully shutting down
2024/04/17 07:29:35 [notice] 29#29: exiting
2024/04/17 07:29:35 [notice] 30#30: exiting
2024/04/17 07:29:35 [notice] 31#31: exiting
2024/04/17 07:29:35 [notice] 29#29: exit
2024/04/17 07:29:35 [notice] 30#30: exit
2024/04/17 07:29:35 [notice] 31#31: exit
2024/04/17 07:29:35 [notice] 28#28: gracefully shutting down
2024/04/17 07:29:35 [notice] 28#28: exiting
2024/04/17 07:29:35 [notice] 28#28: exit
2024/04/17 07:29:35 [notice] 1#1: signal 17 (SIGCHLD) received from 29
2024/04/17 07:29:35 [notice] 1#1: worker process 28 exited with code 0
2024/04/17 07:29:35 [notice] 1#1: worker process 29 exited with code 0
2024/04/17 07:29:35 [notice] 1#1: worker process 31 exited with code 0
2024/04/17 07:29:35 [notice] 1#1: signal 29 (SIGIO) received
2024/04/17 07:29:35 [notice] 1#1: signal 17 (SIGCHLD) received from 31
2024/04/17 07:29:35 [notice] 1#1: signal 17 (SIGCHLD) received from 30
2024/04/17 07:29:35 [notice] 1#1: worker process 30 exited with code 0
2024/04/17 07:29:35 [notice] 1#1: exit
2024/04/19 02:51:17 [notice] 1#1: using the "epoll" event method
2024/04/19 02:51:17 [notice] 1#1: nginx/1.25.5
2024/04/19 02:51:17 [notice] 1#1: built by gcc 12.2.0 (Debian 12.2.0-14) 
2024/04/19 02:51:17 [notice] 1#1: OS: Linux 5.15.146.1-microsoft-standard-WSL2
2024/04/19 02:51:17 [notice] 1#1: getrlimit(RLIMIT_NOFILE): 1048576:1048576
2024/04/19 02:51:17 [notice] 1#1: start worker processes
2024/04/19 02:51:17 [notice] 1#1: start worker process 28
2024/04/19 02:51:17 [notice] 1#1: start worker process 29
2024/04/19 02:51:17 [notice] 1#1: start worker process 30
2024/04/19 02:51:17 [notice] 1#1: start worker process 31
2024/04/19 02:56:11 [notice] 1#1: signal 3 (SIGQUIT) received, shutting down
2024/04/19 02:56:11 [notice] 29#29: gracefully shutting down
2024/04/19 02:56:11 [notice] 29#29: exiting
2024/04/19 02:56:11 [notice] 29#29: exit
2024/04/19 02:56:11 [notice] 28#28: gracefully shutting down
2024/04/19 02:56:11 [notice] 30#30: gracefully shutting down
2024/04/19 02:56:11 [notice] 28#28: exiting
2024/04/19 02:56:11 [notice] 30#30: exiting
2024/04/19 02:56:11 [notice] 28#28: exit
2024/04/19 02:56:11 [notice] 30#30: exit
2024/04/19 02:56:11 [notice] 31#31: gracefully shutting down
2024/04/19 02:56:11 [notice] 31#31: exiting
2024/04/19 02:56:11 [notice] 31#31: exit
2024/04/19 02:56:11 [notice] 1#1: signal 17 (SIGCHLD) received from 28
2024/04/19 02:56:11 [notice] 1#1: worker process 28 exited with code 0
2024/04/19 02:56:11 [notice] 1#1: worker process 29 exited with code 0
2024/04/19 02:56:11 [notice] 1#1: worker process 31 exited with code 0
2024/04/19 02:56:11 [notice] 1#1: signal 29 (SIGIO) received
2024/04/19 02:56:11 [notice] 1#1: signal 17 (SIGCHLD) received from 30
2024/04/19 02:56:11 [notice] 1#1: worker process 30 exited with code 0
2024/04/19 02:56:11 [notice] 1#1: exit
2024/04/19 03:02:35 [notice] 1#1: using the "epoll" event method
2024/04/19 03:02:35 [notice] 1#1: nginx/1.25.5
2024/04/19 03:02:35 [notice] 1#1: built by gcc 12.2.0 (Debian 12.2.0-14) 
2024/04/19 03:02:35 [notice] 1#1: OS: Linux 5.15.146.1-microsoft-standard-WSL2
2024/04/19 03:02:35 [notice] 1#1: getrlimit(RLIMIT_NOFILE): 1048576:1048576
2024/04/19 03:02:35 [notice] 1#1: start worker processes
2024/04/19 03:02:35 [notice] 1#1: start worker process 28
2024/04/19 03:02:35 [notice] 1#1: start worker process 29
2024/04/19 03:02:35 [notice] 1#1: start worker process 30
2024/04/19 03:02:35 [notice] 1#1: start worker process 31
2024/04/19 03:03:30 [notice] 1#1: signal 3 (SIGQUIT) received, shutting down
2024/04/19 03:03:30 [notice] 28#28: gracefully shutting down
2024/04/19 03:03:30 [notice] 31#31: gracefully shutting down
2024/04/19 03:03:30 [notice] 28#28: exiting
2024/04/19 03:03:30 [notice] 31#31: exiting
2024/04/19 03:03:30 [notice] 31#31: exit
2024/04/19 03:03:30 [notice] 28#28: exit
2024/04/19 03:03:30 [notice] 29#29: gracefully shutting down
2024/04/19 03:03:30 [notice] 29#29: exiting
2024/04/19 03:03:30 [notice] 29#29: exit
2024/04/19 03:03:30 [notice] 30#30: gracefully shutting down
2024/04/19 03:03:30 [notice] 30#30: exiting
2024/04/19 03:03:30 [notice] 30#30: exit
2024/04/19 03:03:30 [notice] 1#1: signal 17 (SIGCHLD) received from 30
2024/04/19 03:03:30 [notice] 1#1: worker process 30 exited with code 0
2024/04/19 03:03:30 [notice] 1#1: signal 29 (SIGIO) received
2024/04/19 03:03:30 [notice] 1#1: signal 17 (SIGCHLD) received from 29
2024/04/19 03:03:30 [notice] 1#1: worker process 28 exited with code 0
2024/04/19 03:03:30 [notice] 1#1: worker process 29 exited with code 0
2024/04/19 03:03:30 [notice] 1#1: worker process 31 exited with code 0
2024/04/19 03:03:30 [notice] 1#1: exit
2024/04/19 03:03:48 [notice] 1#1: using the "epoll" event method
2024/04/19 03:03:48 [notice] 1#1: nginx/1.25.5
2024/04/19 03:03:48 [notice] 1#1: built by gcc 12.2.0 (Debian 12.2.0-14) 
2024/04/19 03:03:48 [notice] 1#1: OS: Linux 5.15.146.1-microsoft-standard-WSL2
2024/04/19 03:03:48 [notice] 1#1: getrlimit(RLIMIT_NOFILE): 1048576:1048576
2024/04/19 03:03:48 [notice] 1#1: start worker processes
2024/04/19 03:03:48 [notice] 1#1: start worker process 27
2024/04/19 03:03:48 [notice] 1#1: start worker process 28
2024/04/19 03:03:48 [notice] 1#1: start worker process 29
2024/04/19 03:03:48 [notice] 1#1: start worker process 30
2024/04/19 03:16:17 [notice] 1#1: signal 3 (SIGQUIT) received, shutting down
2024/04/19 03:16:17 [notice] 30#30: gracefully shutting down
2024/04/19 03:16:17 [notice] 29#29: gracefully shutting down
2024/04/19 03:16:17 [notice] 30#30: exiting
2024/04/19 03:16:17 [notice] 29#29: exiting
2024/04/19 03:16:17 [notice] 30#30: exit
2024/04/19 03:16:17 [notice] 29#29: exit
2024/04/19 03:16:17 [notice] 27#27: gracefully shutting down
2024/04/19 03:16:17 [notice] 27#27: exiting
2024/04/19 03:16:17 [notice] 27#27: exit
2024/04/19 03:16:17 [notice] 28#28: gracefully shutting down
2024/04/19 03:16:17 [notice] 28#28: exiting
2024/04/19 03:16:17 [notice] 28#28: exit
2024/04/19 03:16:17 [notice] 1#1: signal 17 (SIGCHLD) received from 29
2024/04/19 03:16:17 [notice] 1#1: worker process 29 exited with code 0
2024/04/19 03:16:17 [notice] 1#1: signal 29 (SIGIO) received
2024/04/19 03:16:17 [notice] 1#1: signal 17 (SIGCHLD) received from 30
2024/04/19 03:16:17 [notice] 1#1: worker process 27 exited with code 0
2024/04/19 03:16:17 [notice] 1#1: worker process 28 exited with code 0
2024/04/19 03:16:17 [notice] 1#1: worker process 30 exited with code 0
2024/04/19 03:16:17 [notice] 1#1: exit
2024/04/19 03:16:24 [notice] 1#1: using the "epoll" event method
2024/04/19 03:16:24 [notice] 1#1: nginx/1.25.5
2024/04/19 03:16:24 [notice] 1#1: built by gcc 12.2.0 (Debian 12.2.0-14) 
2024/04/19 03:16:24 [notice] 1#1: OS: Linux 5.15.146.1-microsoft-standard-WSL2
2024/04/19 03:16:24 [notice] 1#1: getrlimit(RLIMIT_NOFILE): 1048576:1048576
2024/04/19 03:16:24 [notice] 1#1: start worker processes
2024/04/19 03:16:24 [notice] 1#1: start worker process 28
2024/04/19 03:16:24 [notice] 1#1: start worker process 29
2024/04/19 03:16:24 [notice] 1#1: start worker process 30
2024/04/19 03:16:24 [notice] 1#1: start worker process 31
2024/04/19 03:17:29 [notice] 1#1: signal 3 (SIGQUIT) received, shutting down
2024/04/19 03:17:29 [notice] 29#29: gracefully shutting down
2024/04/19 03:17:29 [notice] 28#28: gracefully shutting down
2024/04/19 03:17:29 [notice] 28#28: exiting
2024/04/19 03:17:29 [notice] 29#29: exiting
2024/04/19 03:17:29 [notice] 30#30: gracefully shutting down
2024/04/19 03:17:29 [notice] 30#30: exiting
2024/04/19 03:17:29 [notice] 31#31: gracefully shutting down
2024/04/19 03:17:29 [notice] 31#31: exiting
2024/04/19 03:17:29 [notice] 28#28: exit
2024/04/19 03:17:29 [notice] 30#30: exit
2024/04/19 03:17:29 [notice] 31#31: exit
2024/04/19 03:17:29 [notice] 29#29: exit
2024/04/19 03:17:29 [notice] 1#1: signal 17 (SIGCHLD) received from 31
2024/04/19 03:17:29 [notice] 1#1: worker process 31 exited with code 0
2024/04/19 03:17:29 [notice] 1#1: signal 29 (SIGIO) received
2024/04/19 03:17:29 [notice] 1#1: signal 17 (SIGCHLD) received from 30
2024/04/19 03:17:29 [notice] 1#1: worker process 29 exited with code 0
2024/04/19 03:17:29 [notice] 1#1: worker process 30 exited with code 0
2024/04/19 03:17:29 [notice] 1#1: signal 29 (SIGIO) received
2024/04/19 03:17:29 [notice] 1#1: signal 17 (SIGCHLD) received from 28
2024/04/19 03:17:29 [notice] 1#1: worker process 28 exited with code 0
2024/04/19 03:17:29 [notice] 1#1: exit
2024/04/19 03:17:33 [notice] 1#1: using the "epoll" event method
2024/04/19 03:17:33 [notice] 1#1: nginx/1.25.5
2024/04/19 03:17:33 [notice] 1#1: built by gcc 12.2.0 (Debian 12.2.0-14) 
2024/04/19 03:17:33 [notice] 1#1: OS: Linux 5.15.146.1-microsoft-standard-WSL2
2024/04/19 03:17:33 [notice] 1#1: getrlimit(RLIMIT_NOFILE): 1048576:1048576
2024/04/19 03:17:33 [notice] 1#1: start worker processes
2024/04/19 03:17:33 [notice] 1#1: start worker process 27
2024/04/19 03:17:33 [notice] 1#1: start worker process 28
2024/04/19 03:17:33 [notice] 1#1: start worker process 29
2024/04/19 03:17:33 [notice] 1#1: start worker process 30
2024/04/19 03:24:15 [error] 27#27: *10 directory index of "/var/www/html/" is forbidden, client: 172.21.0.1, server: drupal_dev.local, request: "GET / HTTP/1.1", host: "drupal_dev.local"
2024/04/19 11:11:18 [notice] 1#1: using the "epoll" event method
2024/04/19 11:11:18 [notice] 1#1: nginx/1.25.5
2024/04/19 11:11:18 [notice] 1#1: built by gcc 12.2.0 (Debian 12.2.0-14) 
2024/04/19 11:11:18 [notice] 1#1: OS: Linux 6.6.22-linuxkit
2024/04/19 11:11:18 [notice] 1#1: getrlimit(RLIMIT_NOFILE): 1048576:1048576
2024/04/19 11:11:18 [notice] 1#1: start worker processes
2024/04/19 11:11:18 [notice] 1#1: start worker process 28
2024/04/19 11:11:18 [notice] 1#1: start worker process 29
2024/04/19 11:11:18 [notice] 1#1: start worker process 30
2024/04/19 11:11:18 [notice] 1#1: start worker process 31
2024/04/19 11:11:18 [notice] 1#1: start worker process 32
2024/04/19 11:11:18 [notice] 1#1: start worker process 33
2024/04/19 11:11:18 [notice] 1#1: start worker process 34
2024/04/19 11:11:18 [notice] 1#1: start worker process 35
2024/04/19 11:27:40 [notice] 1#1: signal 3 (SIGQUIT) received, shutting down
2024/04/19 11:27:40 [notice] 29#29: gracefully shutting down
2024/04/19 11:27:40 [notice] 32#32: gracefully shutting down
2024/04/19 11:27:40 [notice] 31#31: gracefully shutting down
2024/04/19 11:27:40 [notice] 30#30: gracefully shutting down
2024/04/19 11:27:40 [notice] 28#28: gracefully shutting down
2024/04/19 11:27:40 [notice] 33#33: gracefully shutting down
2024/04/19 11:27:40 [notice] 34#34: gracefully shutting down
2024/04/19 11:27:40 [notice] 35#35: gracefully shutting down
2024/04/19 11:27:40 [notice] 33#33: exiting
2024/04/19 11:27:40 [notice] 29#29: exiting
2024/04/19 11:27:40 [notice] 32#32: exiting
2024/04/19 11:27:40 [notice] 31#31: exiting
2024/04/19 11:27:40 [notice] 30#30: exiting
2024/04/19 11:27:40 [notice] 28#28: exiting
2024/04/19 11:27:40 [notice] 34#34: exiting
2024/04/19 11:27:40 [notice] 35#35: exiting
2024/04/19 11:27:40 [notice] 29#29: exit
2024/04/19 11:27:40 [notice] 34#34: exit
2024/04/19 11:27:40 [notice] 33#33: exit
2024/04/19 11:27:40 [notice] 32#32: exit
2024/04/19 11:27:40 [notice] 31#31: exit
2024/04/19 11:27:40 [notice] 30#30: exit
2024/04/19 11:27:40 [notice] 28#28: exit
2024/04/19 11:27:40 [notice] 35#35: exit
2024/04/19 11:27:41 [notice] 1#1: signal 17 (SIGCHLD) received from 35
2024/04/19 11:27:41 [notice] 1#1: worker process 28 exited with code 0
2024/04/19 11:27:41 [notice] 1#1: worker process 29 exited with code 0
2024/04/19 11:27:41 [notice] 1#1: worker process 30 exited with code 0
2024/04/19 11:27:41 [notice] 1#1: worker process 31 exited with code 0
2024/04/19 11:27:41 [notice] 1#1: worker process 32 exited with code 0
2024/04/19 11:27:41 [notice] 1#1: worker process 33 exited with code 0
2024/04/19 11:27:41 [notice] 1#1: worker process 34 exited with code 0
2024/04/19 11:27:41 [notice] 1#1: worker process 35 exited with code 0
2024/04/19 11:27:41 [notice] 1#1: exit
2024/04/19 11:28:41 [notice] 1#1: using the "epoll" event method
2024/04/19 11:28:41 [notice] 1#1: nginx/1.25.5
2024/04/19 11:28:41 [notice] 1#1: built by gcc 12.2.0 (Debian 12.2.0-14) 
2024/04/19 11:28:41 [notice] 1#1: OS: Linux 6.6.22-linuxkit
2024/04/19 11:28:41 [notice] 1#1: getrlimit(RLIMIT_NOFILE): 1048576:1048576
2024/04/19 11:28:41 [notice] 1#1: start worker processes
2024/04/19 11:28:41 [notice] 1#1: start worker process 28
2024/04/19 11:28:41 [notice] 1#1: start worker process 29
2024/04/19 11:28:41 [notice] 1#1: start worker process 30
2024/04/19 11:28:41 [notice] 1#1: start worker process 31
2024/04/19 11:28:41 [notice] 1#1: start worker process 32
2024/04/19 11:28:41 [notice] 1#1: start worker process 33
2024/04/19 11:28:41 [notice] 1#1: start worker process 34
2024/04/19 11:28:41 [notice] 1#1: start worker process 35
2024/04/21 07:59:07 [warn] 30#30: *633 a client request body is buffered to a temporary file /var/cache/nginx/client_temp/0000000001, client: 192.168.65.1, server: drupal_dev.local, request: "POST /product/add/default?ajax_form=1&_wrapper_format=drupal_ajax HTTP/1.1", host: "drupal_dev.local", referrer: "https://drupal_dev.local/product/add/default"
2024/04/21 08:00:06 [warn] 30#30: *633 a client request body is buffered to a temporary file /var/cache/nginx/client_temp/0000000002, client: 192.168.65.1, server: drupal_dev.local, request: "POST /media-library?media_library_opener_id=media_library.opener.field_widget&media_library_allowed_types%5Bimage%5D=image&media_library_allowed_types%5Bvideo%5D=video&media_library_selected_type=image&media_library_remaining=10&media_library_opener_parameters%5Bfield_widget_id%5D=field_images&media_library_opener_parameters%5Bentity_type_id%5D=commerce_product&media_library_opener_parameters%5Bbundle%5D=default&media_library_opener_parameters%5Bfield_name%5D=field_images&hash=ZNs-qEBzT4N_KOHozlcGgt0P8xlqascinBgBMh9rt_k&ajax_form=1&_wrapper_format=drupal_ajax HTTP/1.1", host: "drupal_dev.local", referrer: "https://drupal_dev.local/product/add/default"
2024/04/21 08:00:57 [warn] 30#30: *633 a client request body is buffered to a temporary file /var/cache/nginx/client_temp/0000000003, client: 192.168.65.1, server: drupal_dev.local, request: "POST /media-library?media_library_opener_id=media_library.opener.field_widget&media_library_allowed_types%5Bimage%5D=image&media_library_allowed_types%5Bvideo%5D=video&media_library_selected_type=image&media_library_remaining=10&media_library_opener_parameters%5Bfield_widget_id%5D=field_images&media_library_opener_parameters%5Bentity_type_id%5D=commerce_product&media_library_opener_parameters%5Bbundle%5D=default&media_library_opener_parameters%5Bfield_name%5D=field_images&hash=ZNs-qEBzT4N_KOHozlcGgt0P8xlqascinBgBMh9rt_k&ajax_form=1&_wrapper_format=drupal_ajax&_wrapper_format=drupal_ajax HTTP/1.1", host: "drupal_dev.local", referrer: "https://drupal_dev.local/product/add/default"
2024/04/24 02:34:34 [notice] 1#1: using the "epoll" event method
2024/04/24 02:34:34 [notice] 1#1: nginx/1.25.5
2024/04/24 02:34:34 [notice] 1#1: built by gcc 12.2.0 (Debian 12.2.0-14) 
2024/04/24 02:34:34 [notice] 1#1: OS: Linux 5.15.146.1-microsoft-standard-WSL2
2024/04/24 02:34:34 [notice] 1#1: getrlimit(RLIMIT_NOFILE): 1048576:1048576
2024/04/24 02:34:34 [notice] 1#1: start worker processes
2024/04/24 02:34:34 [notice] 1#1: start worker process 28
2024/04/24 02:34:34 [notice] 1#1: start worker process 29
2024/04/24 02:34:34 [notice] 1#1: start worker process 30
2024/04/24 02:34:34 [notice] 1#1: start worker process 31
2024/04/24 07:08:51 [notice] 1#1: signal 3 (SIGQUIT) received, shutting down
2024/04/24 07:08:51 [notice] 29#29: gracefully shutting down
2024/04/24 07:08:51 [notice] 29#29: exiting
2024/04/24 07:08:51 [notice] 29#29: exit
2024/04/24 07:08:51 [notice] 31#31: gracefully shutting down
2024/04/24 07:08:51 [notice] 31#31: exiting
2024/04/24 07:08:51 [notice] 31#31: exit
2024/04/24 07:08:51 [notice] 30#30: gracefully shutting down
2024/04/24 07:08:51 [notice] 30#30: exiting
2024/04/24 07:08:51 [notice] 30#30: exit
2024/04/24 07:08:51 [notice] 28#28: gracefully shutting down
2024/04/24 07:08:51 [notice] 28#28: exiting
2024/04/24 07:08:51 [notice] 28#28: exit
2024/04/24 07:08:51 [notice] 1#1: signal 17 (SIGCHLD) received from 29
2024/04/24 07:08:51 [notice] 1#1: worker process 29 exited with code 0
2024/04/24 07:08:51 [notice] 1#1: worker process 31 exited with code 0
2024/04/24 07:08:51 [notice] 1#1: signal 29 (SIGIO) received
2024/04/24 07:08:51 [notice] 1#1: signal 17 (SIGCHLD) received from 31
2024/04/24 07:08:51 [notice] 1#1: signal 17 (SIGCHLD) received from 28
2024/04/24 07:08:51 [notice] 1#1: worker process 28 exited with code 0
2024/04/24 07:08:51 [notice] 1#1: worker process 30 exited with code 0
2024/04/24 07:08:51 [notice] 1#1: exit
2024/04/24 07:21:24 [notice] 1#1: using the "epoll" event method
2024/04/24 07:21:24 [notice] 1#1: nginx/1.25.5
2024/04/24 07:21:24 [notice] 1#1: built by gcc 12.2.0 (Debian 12.2.0-14) 
2024/04/24 07:21:24 [notice] 1#1: OS: Linux 5.15.146.1-microsoft-standard-WSL2
2024/04/24 07:21:24 [notice] 1#1: getrlimit(RLIMIT_NOFILE): 1048576:1048576
2024/04/24 07:21:24 [notice] 1#1: start worker processes
2024/04/24 07:21:24 [notice] 1#1: start worker process 27
2024/04/24 07:21:24 [notice] 1#1: start worker process 28
2024/04/24 07:21:24 [notice] 1#1: start worker process 29
2024/04/24 07:21:24 [notice] 1#1: start worker process 30
2024/04/24 07:32:29 [notice] 1#1: using the "epoll" event method
2024/04/24 07:32:29 [notice] 1#1: nginx/1.25.5
2024/04/24 07:32:29 [notice] 1#1: built by gcc 12.2.0 (Debian 12.2.0-14) 
2024/04/24 07:32:29 [notice] 1#1: OS: Linux 5.15.146.1-microsoft-standard-WSL2
2024/04/24 07:32:29 [notice] 1#1: getrlimit(RLIMIT_NOFILE): 1048576:1048576
2024/04/24 07:32:29 [notice] 1#1: start worker processes
2024/04/24 07:32:29 [notice] 1#1: start worker process 28
2024/04/24 07:32:29 [notice] 1#1: start worker process 29
2024/04/24 07:32:29 [notice] 1#1: start worker process 30
2024/04/24 07:32:29 [notice] 1#1: start worker process 31
2024/05/02 03:26:01 [notice] 1#1: using the "epoll" event method
2024/05/02 03:26:01 [notice] 1#1: nginx/1.25.5
2024/05/02 03:26:01 [notice] 1#1: built by gcc 12.2.0 (Debian 12.2.0-14) 
2024/05/02 03:26:01 [notice] 1#1: OS: Linux 6.6.22-linuxkit
2024/05/02 03:26:01 [notice] 1#1: getrlimit(RLIMIT_NOFILE): 1048576:1048576
2024/05/02 03:26:01 [notice] 1#1: start worker processes
2024/05/02 03:26:01 [notice] 1#1: start worker process 28
2024/05/02 03:26:01 [notice] 1#1: start worker process 29
2024/05/02 03:26:01 [notice] 1#1: start worker process 30
2024/05/02 03:26:01 [notice] 1#1: start worker process 31
2024/05/02 03:26:01 [notice] 1#1: start worker process 32
2024/05/02 03:26:01 [notice] 1#1: start worker process 33
2024/05/02 03:26:01 [notice] 1#1: start worker process 34
2024/05/02 03:26:01 [notice] 1#1: start worker process 35
2024/05/03 04:27:45 [warn] 34#34: *1601 an upstream response is buffered to a temporary file /var/cache/nginx/fastcgi_temp/1/00/0000000001 while reading upstream, client: 192.168.65.1, server: drupal_dev.local, request: "GET /recipes HTTP/1.1", upstream: "fastcgi://172.19.0.2:9000", host: "drupal_dev.local", referrer: "http://drupal_dev.local/admin/structure/menu/link/views_view%3Aviews.recipes.page_1/edit?destination=/admin/structure/menu/manage/main"
2024/05/03 04:36:11 [warn] 35#35: *1622 an upstream response is buffered to a temporary file /var/cache/nginx/fastcgi_temp/2/00/0000000002 while reading upstream, client: 192.168.65.1, server: drupal_dev.local, request: "GET / HTTP/1.1", upstream: "fastcgi://172.19.0.2:9000", host: "drupal_dev.local"
2024/05/03 04:36:17 [warn] 29#29: *1629 an upstream response is buffered to a temporary file /var/cache/nginx/fastcgi_temp/3/00/0000000003 while reading upstream, client: 192.168.65.1, server: drupal_dev.local, request: "GET /recipes HTTP/1.1", upstream: "fastcgi://172.19.0.2:9000", host: "drupal_dev.local", referrer: "http://drupal_dev.local/"
2024/05/03 06:15:52 [warn] 32#32: *1732 an upstream response is buffered to a temporary file /var/cache/nginx/fastcgi_temp/4/00/0000000004 while reading upstream, client: 192.168.65.1, server: drupal_dev.local, request: "GET /recipes HTTP/1.1", upstream: "fastcgi://172.19.0.2:9000", host: "drupal_dev.local"
2024/05/03 06:16:08 [warn] 32#32: *1739 an upstream response is buffered to a temporary file /var/cache/nginx/fastcgi_temp/5/00/0000000005 while reading upstream, client: 192.168.65.1, server: drupal_dev.local, request: "GET /contact HTTP/1.1", upstream: "fastcgi://172.19.0.2:9000", host: "drupal_dev.local"
2024/05/03 06:22:50 [notice] 1#1: signal 3 (SIGQUIT) received, shutting down
2024/05/03 06:22:50 [notice] 28#28: gracefully shutting down
2024/05/03 06:22:50 [notice] 28#28: exiting
2024/05/03 06:22:50 [notice] 29#29: gracefully shutting down
2024/05/03 06:22:50 [notice] 30#30: gracefully shutting down
2024/05/03 06:22:50 [notice] 30#30: exiting
2024/05/03 06:22:50 [notice] 31#31: gracefully shutting down
2024/05/03 06:22:50 [notice] 32#32: gracefully shutting down
2024/05/03 06:22:50 [notice] 31#31: exiting
2024/05/03 06:22:50 [notice] 33#33: gracefully shutting down
2024/05/03 06:22:50 [notice] 34#34: gracefully shutting down
2024/05/03 06:22:50 [notice] 35#35: gracefully shutting down
2024/05/03 06:22:50 [notice] 35#35: exiting
2024/05/03 06:22:50 [notice] 29#29: exiting
2024/05/03 06:22:50 [notice] 32#32: exiting
2024/05/03 06:22:50 [notice] 31#31: exit
2024/05/03 06:22:50 [notice] 33#33: exiting
2024/05/03 06:22:50 [notice] 34#34: exiting
2024/05/03 06:22:50 [notice] 30#30: exit
2024/05/03 06:22:50 [notice] 34#34: exit
2024/05/03 06:22:50 [notice] 32#32: exit
2024/05/03 06:22:50 [notice] 28#28: exit
2024/05/03 06:22:50 [notice] 29#29: exit
2024/05/03 06:22:50 [notice] 35#35: exit
2024/05/03 06:22:50 [notice] 33#33: exit
2024/05/03 06:22:51 [notice] 1#1: signal 17 (SIGCHLD) received from 31
2024/05/03 06:22:51 [notice] 1#1: worker process 28 exited with code 0
2024/05/03 06:22:51 [notice] 1#1: worker process 29 exited with code 0
2024/05/03 06:22:51 [notice] 1#1: worker process 30 exited with code 0
2024/05/03 06:22:51 [notice] 1#1: worker process 31 exited with code 0
2024/05/03 06:22:51 [notice] 1#1: worker process 32 exited with code 0
2024/05/03 06:22:51 [notice] 1#1: worker process 33 exited with code 0
2024/05/03 06:22:51 [notice] 1#1: worker process 34 exited with code 0
2024/05/03 06:22:51 [notice] 1#1: worker process 35 exited with code 0
2024/05/03 06:22:51 [notice] 1#1: exit
2024/05/03 06:23:08 [notice] 1#1: using the "epoll" event method
2024/05/03 06:23:08 [notice] 1#1: nginx/1.25.5
2024/05/03 06:23:08 [notice] 1#1: built by gcc 12.2.0 (Debian 12.2.0-14) 
2024/05/03 06:23:08 [notice] 1#1: OS: Linux 6.6.22-linuxkit
2024/05/03 06:23:08 [notice] 1#1: getrlimit(RLIMIT_NOFILE): 1048576:1048576
2024/05/03 06:23:08 [notice] 1#1: start worker processes
2024/05/03 06:23:08 [notice] 1#1: start worker process 28
2024/05/03 06:23:08 [notice] 1#1: start worker process 29
2024/05/03 06:23:08 [notice] 1#1: start worker process 30
2024/05/03 06:23:08 [notice] 1#1: start worker process 31
2024/05/03 06:23:08 [notice] 1#1: start worker process 32
2024/05/03 06:23:08 [notice] 1#1: start worker process 33
2024/05/03 06:23:08 [notice] 1#1: start worker process 34
2024/05/03 06:23:08 [notice] 1#1: start worker process 35
2024/05/07 12:50:10 [notice] 1#1: signal 3 (SIGQUIT) received, shutting down
2024/05/07 12:50:10 [notice] 28#28: gracefully shutting down
2024/05/07 12:50:10 [notice] 32#32: gracefully shutting down
2024/05/07 12:50:10 [notice] 32#32: exiting
2024/05/07 12:50:10 [notice] 34#34: gracefully shutting down
2024/05/07 12:50:10 [notice] 35#35: gracefully shutting down
2024/05/07 12:50:10 [notice] 29#29: gracefully shutting down
2024/05/07 12:50:10 [notice] 33#33: gracefully shutting down
2024/05/07 12:50:10 [notice] 30#30: gracefully shutting down
2024/05/07 12:50:10 [notice] 31#31: gracefully shutting down
2024/05/07 12:50:10 [notice] 28#28: exiting
2024/05/07 12:50:10 [notice] 32#32: exit
2024/05/07 12:50:10 [notice] 34#34: exiting
2024/05/07 12:50:10 [notice] 35#35: exiting
2024/05/07 12:50:10 [notice] 29#29: exiting
2024/05/07 12:50:10 [notice] 33#33: exiting
2024/05/07 12:50:10 [notice] 30#30: exiting
2024/05/07 12:50:10 [notice] 31#31: exiting
2024/05/07 12:50:10 [notice] 28#28: exit
2024/05/07 12:50:10 [notice] 34#34: exit
2024/05/07 12:50:10 [notice] 35#35: exit
2024/05/07 12:50:10 [notice] 29#29: exit
2024/05/07 12:50:10 [notice] 33#33: exit
2024/05/07 12:50:10 [notice] 30#30: exit
2024/05/07 12:50:10 [notice] 31#31: exit
2024/05/07 12:50:10 [notice] 1#1: signal 17 (SIGCHLD) received from 32
2024/05/07 12:50:10 [notice] 1#1: worker process 32 exited with code 0
2024/05/07 12:50:10 [notice] 1#1: signal 29 (SIGIO) received
2024/05/07 12:50:10 [notice] 1#1: signal 17 (SIGCHLD) received from 30
2024/05/07 12:50:10 [notice] 1#1: worker process 30 exited with code 0
2024/05/07 12:50:10 [notice] 1#1: signal 29 (SIGIO) received
2024/05/07 12:50:10 [notice] 1#1: signal 17 (SIGCHLD) received from 35
2024/05/07 12:50:10 [notice] 1#1: worker process 28 exited with code 0
2024/05/07 12:50:10 [notice] 1#1: worker process 29 exited with code 0
2024/05/07 12:50:10 [notice] 1#1: worker process 31 exited with code 0
2024/05/07 12:50:10 [notice] 1#1: worker process 33 exited with code 0
2024/05/07 12:50:10 [notice] 1#1: worker process 34 exited with code 0
2024/05/07 12:50:10 [notice] 1#1: worker process 35 exited with code 0
2024/05/07 12:50:10 [notice] 1#1: exit
2024/05/12 03:12:41 [notice] 1#1: using the "epoll" event method
2024/05/12 03:12:41 [notice] 1#1: nginx/1.25.5
2024/05/12 03:12:41 [notice] 1#1: built by gcc 12.2.0 (Debian 12.2.0-14) 
2024/05/12 03:12:41 [notice] 1#1: OS: Linux 6.6.22-linuxkit
2024/05/12 03:12:41 [notice] 1#1: getrlimit(RLIMIT_NOFILE): 1048576:1048576
2024/05/12 03:12:41 [notice] 1#1: start worker processes
2024/05/12 03:12:41 [notice] 1#1: start worker process 27
2024/05/12 03:12:41 [notice] 1#1: start worker process 28
2024/05/12 03:12:41 [notice] 1#1: start worker process 29
2024/05/12 03:12:41 [notice] 1#1: start worker process 30
2024/05/12 03:12:41 [notice] 1#1: start worker process 31
2024/05/12 03:12:41 [notice] 1#1: start worker process 32
2024/05/12 03:12:41 [notice] 1#1: start worker process 33
2024/05/12 03:12:41 [notice] 1#1: start worker process 34
2024/05/12 03:15:34 [notice] 1#1: signal 3 (SIGQUIT) received, shutting down
2024/05/12 03:15:34 [notice] 34#34: gracefully shutting down
2024/05/12 03:15:34 [notice] 34#34: exiting
2024/05/12 03:15:34 [notice] 27#27: gracefully shutting down
2024/05/12 03:15:34 [notice] 27#27: exiting
2024/05/12 03:15:34 [notice] 32#32: gracefully shutting down
2024/05/12 03:15:34 [notice] 33#33: gracefully shutting down
2024/05/12 03:15:34 [notice] 33#33: exiting
2024/05/12 03:15:34 [notice] 28#28: gracefully shutting down
2024/05/12 03:15:34 [notice] 29#29: gracefully shutting down
2024/05/12 03:15:34 [notice] 29#29: exiting
2024/05/12 03:15:34 [notice] 31#31: gracefully shutting down
2024/05/12 03:15:34 [notice] 30#30: gracefully shutting down
2024/05/12 03:15:34 [notice] 30#30: exiting
2024/05/12 03:15:34 [notice] 34#34: exit
2024/05/12 03:15:34 [notice] 27#27: exit
2024/05/12 03:15:34 [notice] 32#32: exiting
2024/05/12 03:15:34 [notice] 32#32: exit
2024/05/12 03:15:34 [notice] 33#33: exit
2024/05/12 03:15:34 [notice] 28#28: exiting
2024/05/12 03:15:34 [notice] 29#29: exit
2024/05/12 03:15:34 [notice] 31#31: exiting
2024/05/12 03:15:34 [notice] 30#30: exit
2024/05/12 03:15:34 [notice] 28#28: exit
2024/05/12 03:15:34 [notice] 31#31: exit
2024/05/12 03:15:34 [notice] 1#1: signal 17 (SIGCHLD) received from 33
2024/05/12 03:15:34 [notice] 1#1: worker process 27 exited with code 0
2024/05/12 03:15:34 [notice] 1#1: worker process 28 exited with code 0
2024/05/12 03:15:34 [notice] 1#1: worker process 29 exited with code 0
2024/05/12 03:15:34 [notice] 1#1: worker process 30 exited with code 0
2024/05/12 03:15:34 [notice] 1#1: worker process 31 exited with code 0
2024/05/12 03:15:34 [notice] 1#1: worker process 32 exited with code 0
2024/05/12 03:15:34 [notice] 1#1: worker process 33 exited with code 0
2024/05/12 03:15:34 [notice] 1#1: worker process 34 exited with code 0
2024/05/12 03:15:34 [notice] 1#1: exit
2024/05/12 03:15:34 [notice] 1#1: using the "epoll" event method
2024/05/12 03:15:34 [notice] 1#1: nginx/1.25.5
2024/05/12 03:15:34 [notice] 1#1: built by gcc 12.2.0 (Debian 12.2.0-14) 
2024/05/12 03:15:34 [notice] 1#1: OS: Linux 6.6.22-linuxkit
2024/05/12 03:15:34 [notice] 1#1: getrlimit(RLIMIT_NOFILE): 1048576:1048576
2024/05/12 03:15:34 [notice] 1#1: start worker processes
2024/05/12 03:15:34 [notice] 1#1: start worker process 28
2024/05/12 03:15:34 [notice] 1#1: start worker process 29
2024/05/12 03:15:34 [notice] 1#1: start worker process 30
2024/05/12 03:15:34 [notice] 1#1: start worker process 31
2024/05/12 03:15:34 [notice] 1#1: start worker process 32
2024/05/12 03:15:34 [notice] 1#1: start worker process 33
2024/05/12 03:15:34 [notice] 1#1: start worker process 34
2024/05/12 03:15:34 [notice] 1#1: start worker process 35
2024/05/12 07:59:26 [notice] 1#1: signal 3 (SIGQUIT) received, shutting down
2024/05/12 07:59:26 [notice] 31#31: gracefully shutting down
2024/05/12 07:59:26 [notice] 29#29: gracefully shutting down
2024/05/12 07:59:26 [notice] 30#30: gracefully shutting down
2024/05/12 07:59:26 [notice] 28#28: gracefully shutting down
2024/05/12 07:59:26 [notice] 34#34: gracefully shutting down
2024/05/12 07:59:26 [notice] 28#28: exiting
2024/05/12 07:59:26 [notice] 32#32: gracefully shutting down
2024/05/12 07:59:26 [notice] 28#28: exit
2024/05/12 07:59:26 [notice] 33#33: gracefully shutting down
2024/05/12 07:59:26 [notice] 35#35: gracefully shutting down
2024/05/12 07:59:26 [notice] 31#31: exiting
2024/05/12 07:59:26 [notice] 29#29: exiting
2024/05/12 07:59:26 [notice] 30#30: exiting
2024/05/12 07:59:26 [notice] 34#34: exiting
2024/05/12 07:59:26 [notice] 32#32: exiting
2024/05/12 07:59:26 [notice] 33#33: exiting
2024/05/12 07:59:26 [notice] 35#35: exiting
2024/05/12 07:59:26 [notice] 31#31: exit
2024/05/12 07:59:26 [notice] 29#29: exit
2024/05/12 07:59:26 [notice] 30#30: exit
2024/05/12 07:59:26 [notice] 34#34: exit
2024/05/12 07:59:26 [notice] 32#32: exit
2024/05/12 07:59:26 [notice] 33#33: exit
2024/05/12 07:59:26 [notice] 35#35: exit
2024/05/12 07:59:26 [notice] 1#1: signal 17 (SIGCHLD) received from 28
2024/05/12 07:59:26 [notice] 1#1: worker process 28 exited with code 0
2024/05/12 07:59:26 [notice] 1#1: signal 29 (SIGIO) received
2024/05/12 07:59:26 [notice] 1#1: signal 17 (SIGCHLD) received from 31
2024/05/12 07:59:26 [notice] 1#1: worker process 31 exited with code 0
2024/05/12 07:59:26 [notice] 1#1: signal 29 (SIGIO) received
2024/05/12 07:59:26 [notice] 1#1: signal 17 (SIGCHLD) received from 29
2024/05/12 07:59:26 [notice] 1#1: worker process 29 exited with code 0
2024/05/12 07:59:26 [notice] 1#1: worker process 30 exited with code 0
2024/05/12 07:59:26 [notice] 1#1: worker process 32 exited with code 0
2024/05/12 07:59:26 [notice] 1#1: worker process 33 exited with code 0
2024/05/12 07:59:26 [notice] 1#1: worker process 34 exited with code 0
2024/05/12 07:59:26 [notice] 1#1: signal 29 (SIGIO) received
2024/05/12 07:59:26 [notice] 1#1: signal 17 (SIGCHLD) received from 34
2024/05/12 07:59:26 [notice] 1#1: signal 17 (SIGCHLD) received from 35
2024/05/12 07:59:26 [notice] 1#1: worker process 35 exited with code 0
2024/05/12 07:59:26 [notice] 1#1: exit
2024/08/10 02:34:47 [notice] 1#1: using the "epoll" event method
2024/08/10 02:34:47 [notice] 1#1: nginx/1.25.5
2024/08/10 02:34:47 [notice] 1#1: built by gcc 12.2.0 (Debian 12.2.0-14) 
2024/08/10 02:34:47 [notice] 1#1: OS: Linux 6.10.0-linuxkit
2024/08/10 02:34:47 [notice] 1#1: getrlimit(RLIMIT_NOFILE): 1048576:1048576
2024/08/10 02:34:47 [notice] 1#1: start worker processes
2024/08/10 02:34:47 [notice] 1#1: start worker process 28
2024/08/10 02:34:47 [notice] 1#1: start worker process 29
2024/08/10 02:34:47 [notice] 1#1: start worker process 30
2024/08/10 02:34:47 [notice] 1#1: start worker process 31
2024/08/10 02:34:47 [notice] 1#1: start worker process 32
2024/08/10 02:34:47 [notice] 1#1: start worker process 33
2024/08/10 02:34:47 [notice] 1#1: start worker process 34
2024/08/10 02:34:47 [notice] 1#1: start worker process 35
2024/08/10 03:12:23 [notice] 1#1: signal 3 (SIGQUIT) received, shutting down
2024/08/10 03:12:23 [notice] 29#29: gracefully shutting down
2024/08/10 03:12:23 [notice] 33#33: gracefully shutting down
2024/08/10 03:12:23 [notice] 28#28: gracefully shutting down
2024/08/10 03:12:23 [notice] 30#30: gracefully shutting down
2024/08/10 03:12:23 [notice] 28#28: exiting
2024/08/10 03:12:23 [notice] 35#35: gracefully shutting down
2024/08/10 03:12:23 [notice] 28#28: exit
2024/08/10 03:12:23 [notice] 31#31: gracefully shutting down
2024/08/10 03:12:23 [notice] 32#32: gracefully shutting down
2024/08/10 03:12:23 [notice] 33#33: exiting
2024/08/10 03:12:23 [notice] 34#34: gracefully shutting down
2024/08/10 03:12:23 [notice] 32#32: exiting
2024/08/10 03:12:23 [notice] 29#29: exiting
2024/08/10 03:12:23 [notice] 30#30: exiting
2024/08/10 03:12:23 [notice] 29#29: exit
2024/08/10 03:12:23 [notice] 35#35: exiting
2024/08/10 03:12:23 [notice] 31#31: exiting
2024/08/10 03:12:23 [notice] 33#33: exit
2024/08/10 03:12:23 [notice] 32#32: exit
2024/08/10 03:12:23 [notice] 34#34: exiting
2024/08/10 03:12:23 [notice] 30#30: exit
2024/08/10 03:12:23 [notice] 35#35: exit
2024/08/10 03:12:23 [notice] 31#31: exit
2024/08/10 03:12:23 [notice] 34#34: exit
2024/08/10 03:12:23 [notice] 1#1: signal 17 (SIGCHLD) received from 29
2024/08/10 03:12:23 [notice] 1#1: worker process 28 exited with code 0
2024/08/10 03:12:23 [notice] 1#1: worker process 29 exited with code 0
2024/08/10 03:12:23 [notice] 1#1: signal 29 (SIGIO) received
2024/08/10 03:12:23 [notice] 1#1: signal 17 (SIGCHLD) received from 28
2024/08/10 03:12:23 [notice] 1#1: signal 17 (SIGCHLD) received from 32
2024/08/10 03:12:23 [notice] 1#1: worker process 32 exited with code 0
2024/08/10 03:12:23 [notice] 1#1: signal 29 (SIGIO) received
2024/08/10 03:12:23 [notice] 1#1: signal 17 (SIGCHLD) received from 34
2024/08/10 03:12:23 [notice] 1#1: worker process 30 exited with code 0
2024/08/10 03:12:23 [notice] 1#1: worker process 31 exited with code 0
2024/08/10 03:12:23 [notice] 1#1: worker process 33 exited with code 0
2024/08/10 03:12:23 [notice] 1#1: worker process 34 exited with code 0
2024/08/10 03:12:23 [notice] 1#1: worker process 35 exited with code 0
2024/08/10 03:12:23 [notice] 1#1: exit
2024/08/12 08:01:48 [notice] 1#1: using the "epoll" event method
2024/08/12 08:01:48 [notice] 1#1: nginx/1.25.5
2024/08/12 08:01:48 [notice] 1#1: built by gcc 12.2.0 (Debian 12.2.0-14) 
2024/08/12 08:01:48 [notice] 1#1: OS: Linux 6.10.0-linuxkit
2024/08/12 08:01:48 [notice] 1#1: getrlimit(RLIMIT_NOFILE): 1048576:1048576
2024/08/12 08:01:48 [notice] 1#1: start worker processes
2024/08/12 08:01:48 [notice] 1#1: start worker process 28
2024/08/12 08:01:48 [notice] 1#1: start worker process 29
2024/08/12 08:01:48 [notice] 1#1: start worker process 30
2024/08/12 08:01:48 [notice] 1#1: start worker process 31
2024/08/12 08:01:48 [notice] 1#1: start worker process 32
2024/08/12 08:01:48 [notice] 1#1: start worker process 33
2024/08/12 08:01:48 [notice] 1#1: start worker process 34
2024/08/12 08:01:48 [notice] 1#1: start worker process 35
2024/08/14 12:55:50 [notice] 1#1: using the "epoll" event method
2024/08/14 12:55:50 [notice] 1#1: nginx/1.25.5
2024/08/14 12:55:50 [notice] 1#1: built by gcc 12.2.0 (Debian 12.2.0-14) 
2024/08/14 12:55:50 [notice] 1#1: OS: Linux 6.10.0-linuxkit
2024/08/14 12:55:50 [notice] 1#1: getrlimit(RLIMIT_NOFILE): 1048576:1048576
2024/08/14 12:55:50 [notice] 1#1: start worker processes
2024/08/14 12:55:50 [notice] 1#1: start worker process 28
2024/08/14 12:55:50 [notice] 1#1: start worker process 29
2024/08/14 12:55:50 [notice] 1#1: start worker process 30
2024/08/14 12:55:50 [notice] 1#1: start worker process 31
2024/08/14 12:55:50 [notice] 1#1: start worker process 32
2024/08/14 12:55:50 [notice] 1#1: start worker process 33
2024/08/14 12:55:50 [notice] 1#1: start worker process 34
2024/08/14 12:55:50 [notice] 1#1: start worker process 35
2024/08/14 14:11:06 [notice] 1#1: signal 3 (SIGQUIT) received, shutting down
2024/08/14 14:11:06 [notice] 29#29: gracefully shutting down
2024/08/14 14:11:06 [notice] 29#29: exiting
2024/08/14 14:11:06 [notice] 31#31: gracefully shutting down
2024/08/14 14:11:06 [notice] 31#31: exiting
2024/08/14 14:11:06 [notice] 31#31: exit
2024/08/14 14:11:06 [notice] 30#30: gracefully shutting down
2024/08/14 14:11:06 [notice] 30#30: exiting
2024/08/14 14:11:06 [notice] 32#32: gracefully shutting down
2024/08/14 14:11:06 [notice] 33#33: gracefully shutting down
2024/08/14 14:11:06 [notice] 32#32: exiting
2024/08/14 14:11:06 [notice] 34#34: gracefully shutting down
2024/08/14 14:11:06 [notice] 32#32: exit
2024/08/14 14:11:06 [notice] 29#29: exit
2024/08/14 14:11:06 [notice] 28#28: gracefully shutting down
2024/08/14 14:11:06 [notice] 35#35: gracefully shutting down
2024/08/14 14:11:06 [notice] 30#30: exit
2024/08/14 14:11:06 [notice] 33#33: exiting
2024/08/14 14:11:06 [notice] 34#34: exiting
2024/08/14 14:11:06 [notice] 33#33: exit
2024/08/14 14:11:06 [notice] 28#28: exiting
2024/08/14 14:11:06 [notice] 35#35: exiting
2024/08/14 14:11:06 [notice] 34#34: exit
2024/08/14 14:11:06 [notice] 35#35: exit
2024/08/14 14:11:06 [notice] 28#28: exit
2024/08/14 14:11:06 [notice] 1#1: signal 17 (SIGCHLD) received from 32
2024/08/14 14:11:06 [notice] 1#1: worker process 28 exited with code 0
2024/08/14 14:11:06 [notice] 1#1: worker process 30 exited with code 0
2024/08/14 14:11:06 [notice] 1#1: worker process 32 exited with code 0
2024/08/14 14:11:06 [notice] 1#1: worker process 35 exited with code 0
2024/08/14 14:11:06 [notice] 1#1: signal 29 (SIGIO) received
2024/08/14 14:11:06 [notice] 1#1: signal 17 (SIGCHLD) received from 29
2024/08/14 14:11:06 [notice] 1#1: worker process 29 exited with code 0
2024/08/14 14:11:06 [notice] 1#1: worker process 31 exited with code 0
2024/08/14 14:11:06 [notice] 1#1: worker process 33 exited with code 0
2024/08/14 14:11:06 [notice] 1#1: worker process 34 exited with code 0
2024/08/14 14:11:06 [notice] 1#1: exit
2024/08/16 02:08:37 [notice] 1#1: using the "epoll" event method
2024/08/16 02:08:37 [notice] 1#1: nginx/1.25.5
2024/08/16 02:08:37 [notice] 1#1: built by gcc 12.2.0 (Debian 12.2.0-14) 
2024/08/16 02:08:37 [notice] 1#1: OS: Linux 6.10.0-linuxkit
2024/08/16 02:08:37 [notice] 1#1: getrlimit(RLIMIT_NOFILE): 1048576:1048576
2024/08/16 02:08:37 [notice] 1#1: start worker processes
2024/08/16 02:08:37 [notice] 1#1: start worker process 28
2024/08/16 02:08:37 [notice] 1#1: start worker process 29
2024/08/16 02:08:37 [notice] 1#1: start worker process 30
2024/08/16 02:08:37 [notice] 1#1: start worker process 31
2024/08/16 02:08:37 [notice] 1#1: start worker process 32
2024/08/16 02:08:37 [notice] 1#1: start worker process 33
2024/08/16 02:08:37 [notice] 1#1: start worker process 34
2024/08/16 02:08:37 [notice] 1#1: start worker process 35
2024/09/01 02:28:42 [notice] 1#1: using the "epoll" event method
2024/09/01 02:28:42 [notice] 1#1: nginx/1.25.5
2024/09/01 02:28:42 [notice] 1#1: built by gcc 12.2.0 (Debian 12.2.0-14) 
2024/09/01 02:28:42 [notice] 1#1: OS: Linux 6.10.0-linuxkit
2024/09/01 02:28:42 [notice] 1#1: getrlimit(RLIMIT_NOFILE): 1048576:1048576
2024/09/01 02:28:42 [notice] 1#1: start worker processes
2024/09/01 02:28:42 [notice] 1#1: start worker process 28
2024/09/01 02:28:42 [notice] 1#1: start worker process 29
2024/09/01 02:28:42 [notice] 1#1: start worker process 30
2024/09/01 02:28:42 [notice] 1#1: start worker process 31
2024/09/01 02:28:42 [notice] 1#1: start worker process 32
2024/09/01 02:28:42 [notice] 1#1: start worker process 33
2024/09/01 02:28:42 [notice] 1#1: start worker process 34
2024/09/01 02:28:42 [notice] 1#1: start worker process 35
2024/09/02 06:53:42 [notice] 1#1: signal 3 (SIGQUIT) received, shutting down
2024/09/02 06:53:42 [notice] 30#30: gracefully shutting down
2024/09/02 06:53:42 [notice] 28#28: gracefully shutting down
2024/09/02 06:53:42 [notice] 31#31: gracefully shutting down
2024/09/02 06:53:42 [notice] 29#29: gracefully shutting down
2024/09/02 06:53:42 [notice] 34#34: gracefully shutting down
2024/09/02 06:53:42 [notice] 31#31: exiting
2024/09/02 06:53:42 [notice] 35#35: gracefully shutting down
2024/09/02 06:53:42 [notice] 33#33: gracefully shutting down
2024/09/02 06:53:42 [notice] 32#32: gracefully shutting down
2024/09/02 06:53:42 [notice] 33#33: exiting
2024/09/02 06:53:42 [notice] 30#30: exiting
2024/09/02 06:53:42 [notice] 28#28: exiting
2024/09/02 06:53:42 [notice] 29#29: exiting
2024/09/02 06:53:42 [notice] 28#28: exit
2024/09/02 06:53:42 [notice] 34#34: exiting
2024/09/02 06:53:42 [notice] 34#34: exit
2024/09/02 06:53:42 [notice] 31#31: exit
2024/09/02 06:53:42 [notice] 35#35: exiting
2024/09/02 06:53:42 [notice] 32#32: exiting
2024/09/02 06:53:42 [notice] 33#33: exit
2024/09/02 06:53:42 [notice] 30#30: exit
2024/09/02 06:53:42 [notice] 29#29: exit
2024/09/02 06:53:42 [notice] 32#32: exit
2024/09/02 06:53:42 [notice] 35#35: exit
2024/09/02 06:53:42 [notice] 1#1: signal 17 (SIGCHLD) received from 34
2024/09/02 06:53:42 [notice] 1#1: worker process 34 exited with code 0
2024/09/02 06:53:42 [notice] 1#1: signal 29 (SIGIO) received
2024/09/02 06:53:42 [notice] 1#1: signal 17 (SIGCHLD) received from 28
2024/09/02 06:53:42 [notice] 1#1: worker process 28 exited with code 0
2024/09/02 06:53:42 [notice] 1#1: worker process 29 exited with code 0
2024/09/02 06:53:42 [notice] 1#1: worker process 30 exited with code 0
2024/09/02 06:53:42 [notice] 1#1: worker process 32 exited with code 0
2024/09/02 06:53:42 [notice] 1#1: worker process 33 exited with code 0
2024/09/02 06:53:42 [notice] 1#1: signal 29 (SIGIO) received
2024/09/02 06:53:42 [notice] 1#1: signal 17 (SIGCHLD) received from 32
2024/09/02 06:53:42 [notice] 1#1: signal 17 (SIGCHLD) received from 31
2024/09/02 06:53:42 [notice] 1#1: worker process 31 exited with code 0
2024/09/02 06:53:42 [notice] 1#1: worker process 35 exited with code 0
2024/09/02 06:53:42 [notice] 1#1: exit
2024/09/02 07:55:26 [notice] 1#1: using the "epoll" event method
2024/09/02 07:55:26 [notice] 1#1: nginx/1.25.5
2024/09/02 07:55:26 [notice] 1#1: built by gcc 12.2.0 (Debian 12.2.0-14) 
2024/09/02 07:55:26 [notice] 1#1: OS: Linux 6.10.4-linuxkit
2024/09/02 07:55:26 [notice] 1#1: getrlimit(RLIMIT_NOFILE): 1048576:1048576
2024/09/02 07:55:26 [notice] 1#1: start worker processes
2024/09/02 07:55:26 [notice] 1#1: start worker process 28
2024/09/02 07:55:26 [notice] 1#1: start worker process 29
2024/09/02 07:55:26 [notice] 1#1: start worker process 30
2024/09/02 07:55:26 [notice] 1#1: start worker process 31
2024/09/02 07:55:26 [notice] 1#1: start worker process 32
2024/09/02 07:55:26 [notice] 1#1: start worker process 33
2024/09/02 07:55:26 [notice] 1#1: start worker process 34
2024/09/02 07:55:26 [notice] 1#1: start worker process 35
2024/09/08 14:47:20 [notice] 1#1: signal 3 (SIGQUIT) received, shutting down
2024/09/08 14:47:20 [notice] 28#28: gracefully shutting down
2024/09/08 14:47:20 [notice] 30#30: gracefully shutting down
2024/09/08 14:47:20 [notice] 33#33: gracefully shutting down
2024/09/08 14:47:20 [notice] 29#29: gracefully shutting down
2024/09/08 14:47:20 [notice] 32#32: gracefully shutting down
2024/09/08 14:47:20 [notice] 34#34: gracefully shutting down
2024/09/08 14:47:20 [notice] 29#29: exiting
2024/09/08 14:47:20 [notice] 28#28: exiting
2024/09/08 14:47:20 [notice] 35#35: gracefully shutting down
2024/09/08 14:47:20 [notice] 31#31: gracefully shutting down
2024/09/08 14:47:20 [notice] 31#31: exiting
2024/09/08 14:47:20 [notice] 34#34: exiting
2024/09/08 14:47:20 [notice] 35#35: exiting
2024/09/08 14:47:20 [notice] 33#33: exiting
2024/09/08 14:47:20 [notice] 32#32: exiting
2024/09/08 14:47:20 [notice] 32#32: exit
2024/09/08 14:47:20 [notice] 28#28: exit
2024/09/08 14:47:20 [notice] 31#31: exit
2024/09/08 14:47:20 [notice] 34#34: exit
2024/09/08 14:47:20 [notice] 35#35: exit
2024/09/08 14:47:20 [notice] 30#30: exiting
2024/09/08 14:47:20 [notice] 30#30: exit
2024/09/08 14:47:20 [notice] 29#29: exit
2024/09/08 14:47:20 [notice] 33#33: exit
2024/09/08 14:47:20 [notice] 1#1: signal 17 (SIGCHLD) received from 29
2024/09/08 14:47:20 [notice] 1#1: worker process 29 exited with code 0
2024/09/08 14:47:20 [notice] 1#1: worker process 35 exited with code 0
2024/09/08 14:47:20 [notice] 1#1: signal 29 (SIGIO) received
2024/09/08 14:47:20 [notice] 1#1: signal 17 (SIGCHLD) received from 28
2024/09/08 14:47:20 [notice] 1#1: worker process 28 exited with code 0
2024/09/08 14:47:20 [notice] 1#1: worker process 30 exited with code 0
2024/09/08 14:47:20 [notice] 1#1: worker process 31 exited with code 0
2024/09/08 14:47:20 [notice] 1#1: worker process 32 exited with code 0
2024/09/08 14:47:20 [notice] 1#1: worker process 33 exited with code 0
2024/09/08 14:47:20 [notice] 1#1: worker process 34 exited with code 0
2024/09/08 14:47:20 [notice] 1#1: exit
2024/10/08 07:19:24 [notice] 1#1: using the "epoll" event method
2024/10/08 07:19:24 [notice] 1#1: nginx/1.25.5
2024/10/08 07:19:24 [notice] 1#1: built by gcc 12.2.0 (Debian 12.2.0-14) 
2024/10/08 07:19:24 [notice] 1#1: OS: Linux 6.10.4-linuxkit
2024/10/08 07:19:24 [notice] 1#1: getrlimit(RLIMIT_NOFILE): 1048576:1048576
2024/10/08 07:19:24 [notice] 1#1: start worker processes
2024/10/08 07:19:24 [notice] 1#1: start worker process 29
2024/10/08 07:19:24 [notice] 1#1: start worker process 30
2024/10/08 07:19:24 [notice] 1#1: start worker process 31
2024/10/08 07:19:24 [notice] 1#1: start worker process 32
2024/10/08 07:19:24 [notice] 1#1: start worker process 33
2024/10/08 07:19:24 [notice] 1#1: start worker process 34
2024/10/08 07:19:24 [notice] 1#1: start worker process 35
2024/10/08 07:19:24 [notice] 1#1: start worker process 36
2024/10/09 14:38:14 [notice] 1#1: signal 3 (SIGQUIT) received, shutting down
2024/10/09 14:38:14 [notice] 29#29: gracefully shutting down
2024/10/09 14:38:14 [notice] 33#33: gracefully shutting down
2024/10/09 14:38:14 [notice] 30#30: gracefully shutting down
2024/10/09 14:38:14 [notice] 29#29: exiting
2024/10/09 14:38:14 [notice] 31#31: gracefully shutting down
2024/10/09 14:38:14 [notice] 35#35: gracefully shutting down
2024/10/09 14:38:14 [notice] 34#34: gracefully shutting down
2024/10/09 14:38:14 [notice] 34#34: exiting
2024/10/09 14:38:14 [notice] 36#36: gracefully shutting down
2024/10/09 14:38:14 [notice] 32#32: gracefully shutting down
2024/10/09 14:38:14 [notice] 36#36: exiting
2024/10/09 14:38:14 [notice] 30#30: exiting
2024/10/09 14:38:14 [notice] 33#33: exiting
2024/10/09 14:38:14 [notice] 29#29: exit
2024/10/09 14:38:14 [notice] 35#35: exiting
2024/10/09 14:38:14 [notice] 31#31: exiting
2024/10/09 14:38:14 [notice] 34#34: exit
2024/10/09 14:38:14 [notice] 36#36: exit
2024/10/09 14:38:14 [notice] 32#32: exiting
2024/10/09 14:38:14 [notice] 30#30: exit
2024/10/09 14:38:14 [notice] 33#33: exit
2024/10/09 14:38:14 [notice] 35#35: exit
2024/10/09 14:38:14 [notice] 31#31: exit
2024/10/09 14:38:14 [notice] 32#32: exit
2024/10/09 14:38:14 [notice] 1#1: signal 17 (SIGCHLD) received from 30
2024/10/09 14:38:14 [notice] 1#1: worker process 29 exited with code 0
2024/10/09 14:38:14 [notice] 1#1: worker process 30 exited with code 0
2024/10/09 14:38:14 [notice] 1#1: worker process 31 exited with code 0
2024/10/09 14:38:14 [notice] 1#1: worker process 32 exited with code 0
2024/10/09 14:38:14 [notice] 1#1: worker process 33 exited with code 0
2024/10/09 14:38:14 [notice] 1#1: worker process 34 exited with code 0
2024/10/09 14:38:14 [notice] 1#1: worker process 35 exited with code 0
2024/10/09 14:38:14 [notice] 1#1: worker process 36 exited with code 0
2024/10/09 14:38:14 [notice] 1#1: exit
2024/10/09 14:48:50 [notice] 1#1: using the "epoll" event method
2024/10/09 14:48:50 [notice] 1#1: nginx/1.25.5
2024/10/09 14:48:50 [notice] 1#1: built by gcc 12.2.0 (Debian 12.2.0-14) 
2024/10/09 14:48:50 [notice] 1#1: OS: Linux 6.10.4-linuxkit
2024/10/09 14:48:50 [notice] 1#1: getrlimit(RLIMIT_NOFILE): 1048576:1048576
2024/10/09 14:48:50 [notice] 1#1: start worker processes
2024/10/09 14:48:50 [notice] 1#1: start worker process 28
2024/10/09 14:48:50 [notice] 1#1: start worker process 29
2024/10/09 14:48:50 [notice] 1#1: start worker process 30
2024/10/09 14:48:50 [notice] 1#1: start worker process 31
2024/10/09 14:48:50 [notice] 1#1: start worker process 32
2024/10/09 14:48:50 [notice] 1#1: start worker process 33
2024/10/09 14:48:50 [notice] 1#1: start worker process 34
2024/10/09 14:48:50 [notice] 1#1: start worker process 35
2024/10/11 00:27:09 [notice] 1#1: signal 3 (SIGQUIT) received, shutting down
2024/10/11 00:27:09 [notice] 31#31: gracefully shutting down
2024/10/11 00:27:09 [notice] 29#29: gracefully shutting down
2024/10/11 00:27:09 [notice] 29#29: exiting
2024/10/11 00:27:09 [notice] 35#35: gracefully shutting down
2024/10/11 00:27:09 [notice] 33#33: gracefully shutting down
2024/10/11 00:27:09 [notice] 34#34: gracefully shutting down
2024/10/11 00:27:09 [notice] 28#28: gracefully shutting down
2024/10/11 00:27:09 [notice] 32#32: gracefully shutting down
2024/10/11 00:27:09 [notice] 30#30: gracefully shutting down
2024/10/11 00:27:09 [notice] 31#31: exiting
2024/10/11 00:27:09 [notice] 28#28: exiting
2024/10/11 00:27:09 [notice] 28#28: exit
2024/10/11 00:27:09 [notice] 35#35: exiting
2024/10/11 00:27:09 [notice] 35#35: exit
2024/10/11 00:27:09 [notice] 29#29: exit
2024/10/11 00:27:09 [notice] 34#34: exiting
2024/10/11 00:27:09 [notice] 33#33: exiting
2024/10/11 00:27:09 [notice] 31#31: exit
2024/10/11 00:27:09 [notice] 32#32: exiting
2024/10/11 00:27:09 [notice] 32#32: exit
2024/10/11 00:27:09 [notice] 30#30: exiting
2024/10/11 00:27:09 [notice] 30#30: exit
2024/10/11 00:27:09 [notice] 34#34: exit
2024/10/11 00:27:09 [notice] 33#33: exit
2024/10/11 00:27:09 [notice] 1#1: signal 17 (SIGCHLD) received from 31
2024/10/11 00:27:09 [notice] 1#1: worker process 28 exited with code 0
2024/10/11 00:27:09 [notice] 1#1: worker process 29 exited with code 0
2024/10/11 00:27:09 [notice] 1#1: worker process 30 exited with code 0
2024/10/11 00:27:09 [notice] 1#1: worker process 31 exited with code 0
2024/10/11 00:27:09 [notice] 1#1: worker process 32 exited with code 0
2024/10/11 00:27:09 [notice] 1#1: worker process 33 exited with code 0
2024/10/11 00:27:09 [notice] 1#1: worker process 34 exited with code 0
2024/10/11 00:27:09 [notice] 1#1: worker process 35 exited with code 0
2024/10/11 00:27:10 [notice] 1#1: exit
2024/10/14 12:19:22 [notice] 1#1: using the "epoll" event method
2024/10/14 12:19:22 [notice] 1#1: nginx/1.25.5
2024/10/14 12:19:22 [notice] 1#1: built by gcc 12.2.0 (Debian 12.2.0-14) 
2024/10/14 12:19:22 [notice] 1#1: OS: Linux 6.10.4-linuxkit
2024/10/14 12:19:22 [notice] 1#1: getrlimit(RLIMIT_NOFILE): 1048576:1048576
2024/10/14 12:19:22 [notice] 1#1: start worker processes
2024/10/14 12:19:22 [notice] 1#1: start worker process 28
2024/10/14 12:19:22 [notice] 1#1: start worker process 29
2024/10/14 12:19:22 [notice] 1#1: start worker process 30
2024/10/14 12:19:22 [notice] 1#1: start worker process 31
2024/10/14 12:19:22 [notice] 1#1: start worker process 32
2024/10/14 12:19:22 [notice] 1#1: start worker process 33
2024/10/14 12:19:22 [notice] 1#1: start worker process 34
2024/10/14 12:19:22 [notice] 1#1: start worker process 35
2024/10/20 01:43:14 [notice] 1#1: using the "epoll" event method
2024/10/20 01:43:14 [notice] 1#1: nginx/1.25.5
2024/10/20 01:43:14 [notice] 1#1: built by gcc 12.2.0 (Debian 12.2.0-14) 
2024/10/20 01:43:14 [notice] 1#1: OS: Linux 6.10.4-linuxkit
2024/10/20 01:43:14 [notice] 1#1: getrlimit(RLIMIT_NOFILE): 1048576:1048576
2024/10/20 01:43:14 [notice] 1#1: start worker processes
2024/10/20 01:43:14 [notice] 1#1: start worker process 28
2024/10/20 01:43:14 [notice] 1#1: start worker process 29
2024/10/20 01:43:14 [notice] 1#1: start worker process 30
2024/10/20 01:43:14 [notice] 1#1: start worker process 31
2024/10/20 01:43:14 [notice] 1#1: start worker process 32
2024/10/20 01:43:14 [notice] 1#1: start worker process 33
2024/10/20 01:43:14 [notice] 1#1: start worker process 34
2024/10/20 01:43:14 [notice] 1#1: start worker process 35
2024/10/20 02:20:19 [notice] 1#1: signal 3 (SIGQUIT) received, shutting down
2024/10/20 02:20:19 [notice] 30#30: gracefully shutting down
2024/10/20 02:20:19 [notice] 28#28: gracefully shutting down
2024/10/20 02:20:19 [notice] 32#32: gracefully shutting down
2024/10/20 02:20:19 [notice] 29#29: gracefully shutting down
2024/10/20 02:20:19 [notice] 31#31: gracefully shutting down
2024/10/20 02:20:19 [notice] 33#33: gracefully shutting down
2024/10/20 02:20:19 [notice] 31#31: exiting
2024/10/20 02:20:19 [notice] 34#34: gracefully shutting down
2024/10/20 02:20:19 [notice] 35#35: gracefully shutting down
2024/10/20 02:20:19 [notice] 30#30: exiting
2024/10/20 02:20:19 [notice] 34#34: exiting
2024/10/20 02:20:19 [notice] 28#28: exiting
2024/10/20 02:20:19 [notice] 32#32: exiting
2024/10/20 02:20:19 [notice] 35#35: exiting
2024/10/20 02:20:19 [notice] 29#29: exiting
2024/10/20 02:20:19 [notice] 34#34: exit
2024/10/20 02:20:19 [notice] 31#31: exit
2024/10/20 02:20:19 [notice] 30#30: exit
2024/10/20 02:20:19 [notice] 28#28: exit
2024/10/20 02:20:19 [notice] 33#33: exiting
2024/10/20 02:20:19 [notice] 32#32: exit
2024/10/20 02:20:19 [notice] 35#35: exit
2024/10/20 02:20:19 [notice] 29#29: exit
2024/10/20 02:20:19 [notice] 33#33: exit
2024/10/20 02:20:19 [notice] 1#1: signal 17 (SIGCHLD) received from 34
2024/10/20 02:20:19 [notice] 1#1: worker process 34 exited with code 0
2024/10/20 02:20:19 [notice] 1#1: worker process 33 exited with code 0
2024/10/20 02:20:19 [notice] 1#1: signal 29 (SIGIO) received
2024/10/20 02:20:19 [notice] 1#1: signal 17 (SIGCHLD) received from 33
2024/10/20 02:20:19 [notice] 1#1: signal 17 (SIGCHLD) received from 28
2024/10/20 02:20:19 [notice] 1#1: worker process 28 exited with code 0
2024/10/20 02:20:19 [notice] 1#1: signal 29 (SIGIO) received
2024/10/20 02:20:19 [notice] 1#1: signal 17 (SIGCHLD) received from 35
2024/10/20 02:20:19 [notice] 1#1: worker process 29 exited with code 0
2024/10/20 02:20:19 [notice] 1#1: worker process 30 exited with code 0
2024/10/20 02:20:19 [notice] 1#1: worker process 31 exited with code 0
2024/10/20 02:20:19 [notice] 1#1: worker process 32 exited with code 0
2024/10/20 02:20:19 [notice] 1#1: worker process 35 exited with code 0
2024/10/20 02:20:19 [notice] 1#1: exit
2024/10/23 13:08:30 [notice] 1#1: using the "epoll" event method
2024/10/23 13:08:30 [notice] 1#1: nginx/1.25.5
2024/10/23 13:08:30 [notice] 1#1: built by gcc 12.2.0 (Debian 12.2.0-14) 
2024/10/23 13:08:30 [notice] 1#1: OS: Linux 6.10.4-linuxkit
2024/10/23 13:08:30 [notice] 1#1: getrlimit(RLIMIT_NOFILE): 1048576:1048576
2024/10/23 13:08:30 [notice] 1#1: start worker processes
2024/10/23 13:08:30 [notice] 1#1: start worker process 27
2024/10/23 13:08:30 [notice] 1#1: start worker process 28
2024/10/23 13:08:30 [notice] 1#1: start worker process 29
2024/10/23 13:08:30 [notice] 1#1: start worker process 30
2024/10/23 13:08:30 [notice] 1#1: start worker process 31
2024/10/23 13:08:30 [notice] 1#1: start worker process 32
2024/10/23 13:08:30 [notice] 1#1: start worker process 33
2024/10/23 13:08:30 [notice] 1#1: start worker process 34
2024/10/23 13:51:27 [notice] 1#1: signal 3 (SIGQUIT) received, shutting down
2024/10/23 13:51:27 [notice] 27#27: gracefully shutting down
2024/10/23 13:51:27 [notice] 33#33: gracefully shutting down
2024/10/23 13:51:27 [notice] 28#28: gracefully shutting down
2024/10/23 13:51:27 [notice] 30#30: gracefully shutting down
2024/10/23 13:51:27 [notice] 30#30: exiting
2024/10/23 13:51:27 [notice] 31#31: gracefully shutting down
2024/10/23 13:51:27 [notice] 32#32: gracefully shutting down
2024/10/23 13:51:27 [notice] 34#34: gracefully shutting down
2024/10/23 13:51:27 [notice] 29#29: gracefully shutting down
2024/10/23 13:51:27 [notice] 33#33: exiting
2024/10/23 13:51:27 [notice] 28#28: exiting
2024/10/23 13:51:27 [notice] 27#27: exiting
2024/10/23 13:51:27 [notice] 30#30: exit
2024/10/23 13:51:27 [notice] 31#31: exiting
2024/10/23 13:51:27 [notice] 27#27: exit
2024/10/23 13:51:27 [notice] 32#32: exiting
2024/10/23 13:51:27 [notice] 34#34: exiting
2024/10/23 13:51:27 [notice] 29#29: exiting
2024/10/23 13:51:27 [notice] 34#34: exit
2024/10/23 13:51:27 [notice] 33#33: exit
2024/10/23 13:51:27 [notice] 28#28: exit
2024/10/23 13:51:27 [notice] 31#31: exit
2024/10/23 13:51:27 [notice] 32#32: exit
2024/10/23 13:51:27 [notice] 29#29: exit
2024/10/23 13:51:27 [notice] 1#1: signal 17 (SIGCHLD) received from 34
2024/10/23 13:51:27 [notice] 1#1: worker process 34 exited with code 0
2024/10/23 13:51:27 [notice] 1#1: signal 29 (SIGIO) received
2024/10/23 13:51:27 [notice] 1#1: signal 17 (SIGCHLD) received from 30
2024/10/23 13:51:27 [notice] 1#1: worker process 30 exited with code 0
2024/10/23 13:51:27 [notice] 1#1: worker process 27 exited with code 0
2024/10/23 13:51:27 [notice] 1#1: worker process 28 exited with code 0
2024/10/23 13:51:27 [notice] 1#1: worker process 29 exited with code 0
2024/10/23 13:51:27 [notice] 1#1: worker process 31 exited with code 0
2024/10/23 13:51:27 [notice] 1#1: worker process 32 exited with code 0
2024/10/23 13:51:27 [notice] 1#1: worker process 33 exited with code 0
2024/10/23 13:51:27 [notice] 1#1: exit
2024/10/23 13:51:34 [notice] 1#1: using the "epoll" event method
2024/10/23 13:51:34 [notice] 1#1: nginx/1.27.2
2024/10/23 13:51:34 [notice] 1#1: built by gcc 12.2.0 (Debian 12.2.0-14) 
2024/10/23 13:51:34 [notice] 1#1: OS: Linux 6.10.4-linuxkit
2024/10/23 13:51:34 [notice] 1#1: getrlimit(RLIMIT_NOFILE): 1048576:1048576
2024/10/23 13:51:34 [notice] 1#1: start worker processes
2024/10/23 13:51:34 [notice] 1#1: start worker process 27
2024/10/23 13:51:34 [notice] 1#1: start worker process 28
2024/10/23 13:51:34 [notice] 1#1: start worker process 29
2024/10/23 13:51:34 [notice] 1#1: start worker process 30
2024/10/23 13:51:34 [notice] 1#1: start worker process 31
2024/10/23 13:51:34 [notice] 1#1: start worker process 32
2024/10/23 13:51:34 [notice] 1#1: start worker process 33
2024/10/23 13:51:34 [notice] 1#1: start worker process 34
2024/10/23 14:02:37 [notice] 1#1: signal 3 (SIGQUIT) received, shutting down
2024/10/23 14:02:37 [notice] 27#27: gracefully shutting down
2024/10/23 14:02:37 [notice] 33#33: gracefully shutting down
2024/10/23 14:02:37 [notice] 29#29: gracefully shutting down
2024/10/23 14:02:37 [notice] 30#30: gracefully shutting down
2024/10/23 14:02:37 [notice] 28#28: gracefully shutting down
2024/10/23 14:02:37 [notice] 31#31: gracefully shutting down
2024/10/23 14:02:37 [notice] 32#32: gracefully shutting down
2024/10/23 14:02:37 [notice] 34#34: gracefully shutting down
2024/10/23 14:02:37 [notice] 33#33: exiting
2024/10/23 14:02:37 [notice] 34#34: exiting
2024/10/23 14:02:37 [notice] 27#27: exiting
2024/10/23 14:02:37 [notice] 34#34: exit
2024/10/23 14:02:37 [notice] 29#29: exiting
2024/10/23 14:02:37 [notice] 30#30: exiting
2024/10/23 14:02:37 [notice] 28#28: exiting
2024/10/23 14:02:37 [notice] 32#32: exiting
2024/10/23 14:02:37 [notice] 32#32: exit
2024/10/23 14:02:37 [notice] 31#31: exiting
2024/10/23 14:02:37 [notice] 33#33: exit
2024/10/23 14:02:37 [notice] 27#27: exit
2024/10/23 14:02:37 [notice] 29#29: exit
2024/10/23 14:02:37 [notice] 30#30: exit
2024/10/23 14:02:37 [notice] 28#28: exit
2024/10/23 14:02:37 [notice] 31#31: exit
2024/10/23 14:02:37 [notice] 1#1: signal 17 (SIGCHLD) received from 32
2024/10/23 14:02:37 [notice] 1#1: worker process 32 exited with code 0
2024/10/23 14:02:37 [notice] 1#1: worker process 33 exited with code 0
2024/10/23 14:02:37 [notice] 1#1: worker process 34 exited with code 0
2024/10/23 14:02:37 [notice] 1#1: signal 29 (SIGIO) received
2024/10/23 14:02:37 [notice] 1#1: signal 17 (SIGCHLD) received from 34
2024/10/23 14:02:37 [notice] 1#1: signal 17 (SIGCHLD) received from 29
2024/10/23 14:02:37 [notice] 1#1: worker process 29 exited with code 0
2024/10/23 14:02:37 [notice] 1#1: worker process 31 exited with code 0
2024/10/23 14:02:37 [notice] 1#1: signal 29 (SIGIO) received
2024/10/23 14:02:37 [notice] 1#1: signal 17 (SIGCHLD) received from 30
2024/10/23 14:02:37 [notice] 1#1: worker process 30 exited with code 0
2024/10/23 14:02:37 [notice] 1#1: signal 29 (SIGIO) received
2024/10/23 14:02:37 [notice] 1#1: signal 17 (SIGCHLD) received from 28
2024/10/23 14:02:37 [notice] 1#1: worker process 27 exited with code 0
2024/10/23 14:02:37 [notice] 1#1: worker process 28 exited with code 0
2024/10/23 14:02:37 [notice] 1#1: exit
2024/10/23 14:03:13 [notice] 1#1: using the "epoll" event method
2024/10/23 14:03:13 [notice] 1#1: nginx/1.27.2
2024/10/23 14:03:13 [notice] 1#1: built by gcc 12.2.0 (Debian 12.2.0-14) 
2024/10/23 14:03:13 [notice] 1#1: OS: Linux 6.10.4-linuxkit
2024/10/23 14:03:13 [notice] 1#1: getrlimit(RLIMIT_NOFILE): 1048576:1048576
2024/10/23 14:03:13 [notice] 1#1: start worker processes
2024/10/23 14:03:13 [notice] 1#1: start worker process 27
2024/10/23 14:03:13 [notice] 1#1: start worker process 28
2024/10/23 14:03:13 [notice] 1#1: start worker process 29
2024/10/23 14:03:13 [notice] 1#1: start worker process 30
2024/10/23 14:03:13 [notice] 1#1: start worker process 31
2024/10/23 14:03:13 [notice] 1#1: start worker process 32
2024/10/23 14:03:13 [notice] 1#1: start worker process 33
2024/10/23 14:03:13 [notice] 1#1: start worker process 34
